[2026-06-15 15:07:03] === overnight driver START ===
[2026-06-15 15:18:50] maestro   MAESTRO_GAIN [2P vs comet_reaper] 0.0=43%  0.1=46%  0.25=61%  0.5=61% | best=0.25 (61%, n=28)  <-- BEATS control
[2026-06-15 15:27:46] helmsman  HELMSMAN_HORIZON_MULT [2P vs comet_reaper] 1.0=64%  1.15=46%  1.3=32%  1.5=14% | best=1.0 (64%, n=28)  <-- BEATS control
[2026-06-15 15:45:52] kingmaker KINGMAKER_LEADER_WEIGHT [focal-4P vs 3x comet_reaper] 0.0=25%  0.1=29%  0.25=11%  0.5=7% | best=0.1 (29%, n=28)
[2026-06-15 15:56:45] precog    PRECOG_OPP_STRENGTH [2P vs comet_reaper] 0.0=54%  0.1=50%  0.25=57%  0.5=50% | best=0.25 (57%, n=28)  <-- BEATS control
[2026-06-15 15:56:47] self-play: launched chunk (init=selfplay_overnight.pt)
[2026-06-15 16:07:58] maestro   MAESTRO_GAIN [2P vs comet_reaper] 0.0=50%  0.1=50%  0.25=50%  0.5=71% | best=0.5 (71%, n=28)  <-- BEATS control
[2026-06-15 16:09:31] === overnight driver START ===
[2026-06-15 16:21:34] maestro   MAESTRO_GAIN [2P vs comet_reaper] 0.0=43%  0.1=46%  0.25=61%  0.5=61% | best=0.25 (61%, n=28)  <-- BEATS control
[2026-06-15 16:30:36] helmsman  HELMSMAN_HORIZON_MULT [2P vs comet_reaper] 1.0=64%  1.15=46%  1.3=32%  1.5=14% | best=1.0 (64%, n=28)  <-- BEATS control
[2026-06-15 17:04:13] === overnight driver START ===
[2026-06-15 17:30:37] === overnight driver START ===
[2026-06-15 17:33:09] maestro   MAESTRO_GAIN [2P vs comet_reaper] 0.0=64%  0.1=46%  0.25=61%  0.5=46% | best=0.0 (64%, n=28)  <-- BEATS control
[2026-06-15 17:35:11] helmsman  HELMSMAN_HORIZON_MULT [2P vs comet_reaper] 1.0=50%  1.15=46%  1.3=29%  1.5=11% | best=1.0 (50%, n=28)
[2026-06-15 17:39:05] kingmaker KINGMAKER_LEADER_WEIGHT [focal-4P vs 3x comet_reaper] 0.0=25%  0.1=29%  0.25=11%  0.5=7% | best=0.1 (29%, n=28)
[2026-06-15 17:41:28] oracle    ORACLE_BIAS [2P vs comet_reaper] 0.0=46%  2.0=54%  5.0=25%  10.0=14% | best=2.0 (54%, n=28)  <-- BEATS control
[2026-06-15 17:43:54] precog    PRECOG_OPP_STRENGTH [2P vs comet_reaper] 0.0=50%  0.1=54%  0.25=50%  0.5=54% | best=0.1 (54%, n=28)  <-- BEATS control
[2026-06-15 17:46:35] maestro   MAESTRO_GAIN [2P vs comet_reaper] 0.0=36%  0.1=54%  0.25=36%  0.5=54% | best=0.1 (54%, n=28)  <-- BEATS control
[2026-06-15 17:48:47] helmsman  HELMSMAN_HORIZON_MULT [2P vs comet_reaper] 1.0=57%  1.15=39%  1.3=32%  1.5=25% | best=1.0 (57%, n=28)  <-- BEATS control
[2026-06-15 17:52:36] kingmaker KINGMAKER_LEADER_WEIGHT [focal-4P vs 3x comet_reaper] 0.0=29%  0.1=32%  0.25=21%  0.5=14% | best=0.1 (32%, n=28)
[2026-06-15 17:54:41] oracle    ORACLE_BIAS [2P vs comet_reaper] 0.0=50%  2.0=36%  5.0=21%  10.0=21% | best=0.0 (50%, n=28)
[2026-06-15 17:57:00] precog    PRECOG_OPP_STRENGTH [2P vs comet_reaper] 0.0=54%  0.1=46%  0.25=54%  0.5=43% | best=0.0 (54%, n=28)  <-- BEATS control
[2026-06-15 17:59:19] maestro   MAESTRO_GAIN [2P vs comet_reaper] 0.0=46%  0.1=61%  0.25=46%  0.5=36% | best=0.1 (61%, n=28)  <-- BEATS control
[2026-06-15 18:01:14] helmsman  HELMSMAN_HORIZON_MULT [2P vs comet_reaper] 1.0=43%  1.15=25%  1.3=39%  1.5=18% | best=1.0 (43%, n=28)
[2026-06-15 18:04:50] kingmaker KINGMAKER_LEADER_WEIGHT [focal-4P vs 3x comet_reaper] 0.0=21%  0.1=21%  0.25=14%  0.5=21% | best=0.0 (21%, n=28)
[2026-06-15 18:06:49] oracle    ORACLE_BIAS [2P vs comet_reaper] 0.0=61%  2.0=46%  5.0=29%  10.0=36% | best=0.0 (61%, n=28)  <-- BEATS control
[2026-06-15 18:09:06] precog    PRECOG_OPP_STRENGTH [2P vs comet_reaper] 0.0=50%  0.1=61%  0.25=46%  0.5=36% | best=0.1 (61%, n=28)  <-- BEATS control
[2026-06-15 18:11:28] maestro   MAESTRO_GAIN [2P vs comet_reaper] 0.0=54%  0.1=36%  0.25=54%  0.5=54% | best=0.0 (54%, n=28)  <-- BEATS control
[2026-06-15 18:11:31] self-play: launched chunk (init=selfplay_overnight.pt)
[2026-06-15 18:13:28] helmsman  HELMSMAN_HORIZON_MULT [2P vs comet_reaper] 1.0=50%  1.15=29%  1.3=25%  1.5=11% | best=1.0 (50%, n=28)
[2026-06-15 18:17:06] kingmaker KINGMAKER_LEADER_WEIGHT [focal-4P vs 3x comet_reaper] 0.0=32%  0.1=18%  0.25=21%  0.5=11% | best=0.0 (32%, n=28)
[2026-06-15 18:19:02] oracle    ORACLE_BIAS [2P vs comet_reaper] 0.0=36%  2.0=54%  5.0=29%  10.0=39% | best=2.0 (54%, n=28)  <-- BEATS control
[2026-06-15 18:21:22] precog    PRECOG_OPP_STRENGTH [2P vs comet_reaper] 0.0=50%  0.1=50%  0.25=50%  0.5=43% | best=0.0 (50%, n=28)
[2026-06-15 18:23:46] maestro   MAESTRO_GAIN [2P vs comet_reaper] 0.0=61%  0.1=46%  0.25=36%  0.5=54% | best=0.0 (61%, n=28)  <-- BEATS control
[2026-06-15 18:26:01] helmsman  HELMSMAN_HORIZON_MULT [2P vs comet_reaper] 1.0=50%  1.15=46%  1.3=21%  1.5=25% | best=1.0 (50%, n=28)
[2026-06-15 18:29:32] kingmaker KINGMAKER_LEADER_WEIGHT [focal-4P vs 3x comet_reaper] 0.0=39%  0.1=14%  0.25=18%  0.5=18% | best=0.0 (39%, n=28)
[2026-06-15 18:31:28] oracle    ORACLE_BIAS [2P vs comet_reaper] 0.0=64%  2.0=36%  5.0=18%  10.0=11% | best=0.0 (64%, n=28)  <-- BEATS control
[2026-06-15 18:34:01] precog    PRECOG_OPP_STRENGTH [2P vs comet_reaper] 0.0=64%  0.1=50%  0.25=39%  0.5=39% | best=0.0 (64%, n=28)  <-- BEATS control
[2026-06-15 18:36:35] maestro   MAESTRO_GAIN [2P vs comet_reaper] 0.0=36%  0.1=54%  0.25=54%  0.5=46% | best=0.1 (54%, n=28)  <-- BEATS control
[2026-06-15 18:38:39] helmsman  HELMSMAN_HORIZON_MULT [2P vs comet_reaper] 1.0=61%  1.15=36%  1.3=39%  1.5=39% | best=1.0 (61%, n=28)  <-- BEATS control
[2026-06-15 18:42:20] kingmaker KINGMAKER_LEADER_WEIGHT [focal-4P vs 3x comet_reaper] 0.0=21%  0.1=25%  0.25=7%  0.5=32% | best=0.5 (32%, n=28)
[2026-06-15 18:44:13] oracle    ORACLE_BIAS [2P vs comet_reaper] 0.0=50%  2.0=43%  5.0=25%  10.0=11% | best=0.0 (50%, n=28)
[2026-06-15 18:46:34] precog    PRECOG_OPP_STRENGTH [2P vs comet_reaper] 0.0=54%  0.1=61%  0.25=29%  0.5=32% | best=0.1 (61%, n=28)  <-- BEATS control
[2026-06-15 18:48:58] maestro   MAESTRO_GAIN [2P vs comet_reaper] 0.0=46%  0.1=36%  0.25=54%  0.5=46% | best=0.25 (54%, n=28)  <-- BEATS control
[2026-06-15 18:50:56] helmsman  HELMSMAN_HORIZON_MULT [2P vs comet_reaper] 1.0=50%  1.15=32%  1.3=29%  1.5=25% | best=1.0 (50%, n=28)
[2026-06-15 18:54:02] kingmaker KINGMAKER_LEADER_WEIGHT [focal-4P vs 3x comet_reaper] 0.0=21%  0.1=32%  0.25=21%  0.5=32% | best=0.1 (32%, n=28)
[2026-06-15 18:55:57] oracle    ORACLE_BIAS [2P vs comet_reaper] 0.0=39%  2.0=46%  5.0=21%  10.0=29% | best=2.0 (46%, n=28)
[2026-06-15 18:58:49] precog    PRECOG_OPP_STRENGTH [2P vs comet_reaper] 0.0=50%  0.1=39%  0.25=43%  0.5=36% | best=0.0 (50%, n=28)
[2026-06-15 19:01:22] maestro   MAESTRO_GAIN [2P vs comet_reaper] 0.0=54%  0.1=54%  0.25=46%  0.5=68% | best=0.5 (68%, n=28)  <-- BEATS control
[2026-06-15 19:03:39] helmsman  HELMSMAN_HORIZON_MULT [2P vs comet_reaper] 1.0=57%  1.15=43%  1.3=21%  1.5=21% | best=1.0 (57%, n=28)  <-- BEATS control
[2026-06-15 19:07:31] kingmaker KINGMAKER_LEADER_WEIGHT [focal-4P vs 3x comet_reaper] 0.0=29%  0.1=7%  0.25=29%  0.5=29% | best=0.0 (29%, n=28)
[2026-06-15 19:09:37] oracle    ORACLE_BIAS [2P vs comet_reaper] 0.0=54%  2.0=36%  5.0=21%  10.0=18% | best=0.0 (54%, n=28)  <-- BEATS control
[2026-06-15 19:12:06] precog    PRECOG_OPP_STRENGTH [2P vs comet_reaper] 0.0=68%  0.1=32%  0.25=43%  0.5=39% | best=0.0 (68%, n=28)  <-- BEATS control
[2026-06-15 19:14:30] maestro   MAESTRO_GAIN [2P vs comet_reaper] 0.0=36%  0.1=54%  0.25=46%  0.5=50% | best=0.1 (54%, n=28)  <-- BEATS control
[2026-06-15 19:16:24] helmsman  HELMSMAN_HORIZON_MULT [2P vs comet_reaper] 1.0=61%  1.15=29%  1.3=25%  1.5=4% | best=1.0 (61%, n=28)  <-- BEATS control
[2026-06-15 19:16:26] self-play: launched chunk (init=selfplay_overnight.pt)
[2026-06-15 19:19:41] kingmaker KINGMAKER_LEADER_WEIGHT [focal-4P vs 3x comet_reaper] 0.0=25%  0.1=29%  0.25=32%  0.5=29% | best=0.25 (32%, n=28)
[2026-06-15 19:21:42] oracle    ORACLE_BIAS [2P vs comet_reaper] 0.0=46%  2.0=43%  5.0=18%  10.0=18% | best=0.0 (46%, n=28)
[2026-06-15 19:24:29] precog    PRECOG_OPP_STRENGTH [2P vs comet_reaper] 0.0=36%  0.1=57%  0.25=57%  0.5=46% | best=0.1 (57%, n=28)  <-- BEATS control
[2026-06-15 19:26:52] maestro   MAESTRO_GAIN [2P vs comet_reaper] 0.0=54%  0.1=46%  0.25=71%  0.5=71% | best=0.25 (71%, n=28)  <-- BEATS control
[2026-06-15 19:28:59] helmsman  HELMSMAN_HORIZON_MULT [2P vs comet_reaper] 1.0=43%  1.15=46%  1.3=29%  1.5=25% | best=1.15 (46%, n=28)
[2026-06-15 19:32:50] kingmaker KINGMAKER_LEADER_WEIGHT [focal-4P vs 3x comet_reaper] 0.0=18%  0.1=25%  0.25=32%  0.5=21% | best=0.25 (32%, n=28)
[2026-06-15 19:34:42] oracle    ORACLE_BIAS [2P vs comet_reaper] 0.0=36%  2.0=29%  5.0=18%  10.0=25% | best=0.0 (36%, n=28)
[2026-06-15 19:37:01] precog    PRECOG_OPP_STRENGTH [2P vs comet_reaper] 0.0=25%  0.1=50%  0.25=46%  0.5=36% | best=0.1 (50%, n=28)
[2026-06-15 19:39:34] maestro   MAESTRO_GAIN [2P vs comet_reaper] 0.0=54%  0.1=46%  0.25=50%  0.5=43% | best=0.0 (54%, n=28)  <-- BEATS control
[2026-06-15 19:41:56] helmsman  HELMSMAN_HORIZON_MULT [2P vs comet_reaper] 1.0=29%  1.15=46%  1.3=18%  1.5=21% | best=1.15 (46%, n=28)
[2026-06-15 19:45:43] kingmaker KINGMAKER_LEADER_WEIGHT [focal-4P vs 3x comet_reaper] 0.0=36%  0.1=39%  0.25=25%  0.5=36% | best=0.1 (39%, n=28)
[2026-06-15 19:47:51] oracle    ORACLE_BIAS [2P vs comet_reaper] 0.0=61%  2.0=50%  5.0=29%  10.0=14% | best=0.0 (61%, n=28)  <-- BEATS control
[2026-06-15 19:50:25] precog    PRECOG_OPP_STRENGTH [2P vs comet_reaper] 0.0=57%  0.1=57%  0.25=29%  0.5=57% | best=0.0 (57%, n=28)  <-- BEATS control
[2026-06-15 19:52:44] maestro   MAESTRO_GAIN [2P vs comet_reaper] 0.0=46%  0.1=71%  0.25=71%  0.5=43% | best=0.1 (71%, n=28)  <-- BEATS control
[2026-06-15 19:54:28] helmsman  HELMSMAN_HORIZON_MULT [2P vs comet_reaper] 1.0=57%  1.15=43%  1.3=39%  1.5=11% | best=1.0 (57%, n=28)  <-- BEATS control
[2026-06-15 19:58:14] kingmaker KINGMAKER_LEADER_WEIGHT [focal-4P vs 3x comet_reaper] 0.0=29%  0.1=29%  0.25=29%  0.5=32% | best=0.5 (32%, n=28)
[2026-06-15 20:00:00] oracle    ORACLE_BIAS [2P vs comet_reaper] 0.0=46%  2.0=36%  5.0=21%  10.0=21% | best=0.0 (46%, n=28)
[2026-06-15 20:02:26] precog    PRECOG_OPP_STRENGTH [2P vs comet_reaper] 0.0=64%  0.1=43%  0.25=50%  0.5=29% | best=0.0 (64%, n=28)  <-- BEATS control
[2026-06-15 20:04:46] maestro   MAESTRO_GAIN [2P vs comet_reaper] 0.0=46%  0.1=50%  0.25=43%  0.5=46% | best=0.1 (50%, n=28)
[2026-06-15 20:06:42] helmsman  HELMSMAN_HORIZON_MULT [2P vs comet_reaper] 1.0=57%  1.15=32%  1.3=36%  1.5=21% | best=1.0 (57%, n=28)  <-- BEATS control
[2026-06-15 20:10:16] kingmaker KINGMAKER_LEADER_WEIGHT [focal-4P vs 3x comet_reaper] 0.0=29%  0.1=29%  0.25=39%  0.5=25% | best=0.25 (39%, n=28)
[2026-06-15 20:12:19] oracle    ORACLE_BIAS [2P vs comet_reaper] 0.0=57%  2.0=29%  5.0=18%  10.0=11% | best=0.0 (57%, n=28)  <-- BEATS control
[2026-06-15 20:14:37] precog    PRECOG_OPP_STRENGTH [2P vs comet_reaper] 0.0=57%  0.1=46%  0.25=61%  0.5=50% | best=0.25 (61%, n=28)  <-- BEATS control
[2026-06-15 20:16:51] maestro   MAESTRO_GAIN [2P vs comet_reaper] 0.0=71%  0.1=71%  0.25=43%  0.5=39% | best=0.0 (71%, n=28)  <-- BEATS control
[2026-06-15 20:19:02] helmsman  HELMSMAN_HORIZON_MULT [2P vs comet_reaper] 1.0=46%  1.15=43%  1.3=21%  1.5=14% | best=1.0 (46%, n=28)
[2026-06-15 20:22:05] kingmaker KINGMAKER_LEADER_WEIGHT [focal-4P vs 3x comet_reaper] 0.0=32%  0.1=25%  0.25=39%  0.5=32% | best=0.25 (39%, n=28)
[2026-06-15 20:22:07] self-play: launched chunk (init=selfplay_overnight.pt)
[2026-06-15 20:24:23] oracle    ORACLE_BIAS [2P vs comet_reaper] 0.0=29%  2.0=57%  5.0=21%  10.0=18% | best=2.0 (57%, n=28)  <-- BEATS control
[2026-06-15 20:27:10] precog    PRECOG_OPP_STRENGTH [2P vs comet_reaper] 0.0=39%  0.1=36%  0.25=39%  0.5=25% | best=0.0 (39%, n=28)
[2026-06-15 20:29:29] maestro   MAESTRO_GAIN [2P vs comet_reaper] 0.0=50%  0.1=43%  0.25=46%  0.5=39% | best=0.0 (50%, n=28)
[2026-06-15 20:31:22] helmsman  HELMSMAN_HORIZON_MULT [2P vs comet_reaper] 1.0=54%  1.15=36%  1.3=39%  1.5=25% | best=1.0 (54%, n=28)  <-- BEATS control
[2026-06-15 20:34:54] kingmaker KINGMAKER_LEADER_WEIGHT [focal-4P vs 3x comet_reaper] 0.0=36%  0.1=29%  0.25=29%  0.5=14% | best=0.0 (36%, n=28)
[2026-06-15 20:37:05] oracle    ORACLE_BIAS [2P vs comet_reaper] 0.0=36%  2.0=36%  5.0=11%  10.0=11% | best=0.0 (36%, n=28)
[2026-06-15 20:39:38] precog    PRECOG_OPP_STRENGTH [2P vs comet_reaper] 0.0=54%  0.1=61%  0.25=54%  0.5=36% | best=0.1 (61%, n=28)  <-- BEATS control
[2026-06-15 20:42:05] maestro   MAESTRO_GAIN [2P vs comet_reaper] 0.0=71%  0.1=43%  0.25=39%  0.5=36% | best=0.0 (71%, n=28)  <-- BEATS control
[2026-06-15 20:43:59] helmsman  HELMSMAN_HORIZON_MULT [2P vs comet_reaper] 1.0=71%  1.15=46%  1.3=32%  1.5=7% | best=1.0 (71%, n=28)  <-- BEATS control
[2026-06-15 20:47:13] kingmaker KINGMAKER_LEADER_WEIGHT [focal-4P vs 3x comet_reaper] 0.0=32%  0.1=43%  0.25=36%  0.5=29% | best=0.1 (43%, n=28)
[2026-06-15 21:13:35] oracle    ORACLE_BIAS [2P vs comet_reaper] 0.0=54%  2.0=61%  5.0=21%  10.0=14% | best=2.0 (61%, n=28)  <-- BEATS control
[2026-06-15 21:16:20] precog    PRECOG_OPP_STRENGTH [2P vs comet_reaper] 0.0=32%  0.1=57%  0.25=36%  0.5=39% | best=0.1 (57%, n=28)  <-- BEATS control
[2026-06-15 21:18:47] maestro   MAESTRO_GAIN [2P vs comet_reaper] 0.0=43%  0.1=46%  0.25=39%  0.5=43% | best=0.1 (46%, n=28)
[2026-06-15 21:21:06] helmsman  HELMSMAN_HORIZON_MULT [2P vs comet_reaper] 1.0=46%  1.15=43%  1.3=32%  1.5=21% | best=1.0 (46%, n=28)
[2026-06-15 21:24:56] kingmaker KINGMAKER_LEADER_WEIGHT [focal-4P vs 3x comet_reaper] 0.0=32%  0.1=18%  0.25=21%  0.5=14% | best=0.0 (32%, n=28)
[2026-06-15 21:26:52] oracle    ORACLE_BIAS [2P vs comet_reaper] 0.0=57%  2.0=39%  5.0=14%  10.0=11% | best=0.0 (57%, n=28)  <-- BEATS control
[2026-06-15 21:29:27] precog    PRECOG_OPP_STRENGTH [2P vs comet_reaper] 0.0=61%  0.1=39%  0.25=39%  0.5=36% | best=0.0 (61%, n=28)  <-- BEATS control
[2026-06-15 21:31:54] maestro   MAESTRO_GAIN [2P vs comet_reaper] 0.0=43%  0.1=39%  0.25=36%  0.5=46% | best=0.5 (46%, n=28)
[2026-06-15 21:33:59] helmsman  HELMSMAN_HORIZON_MULT [2P vs comet_reaper] 1.0=57%  1.15=57%  1.3=25%  1.5=14% | best=1.0 (57%, n=28)  <-- BEATS control
[2026-06-15 21:37:36] kingmaker KINGMAKER_LEADER_WEIGHT [focal-4P vs 3x comet_reaper] 0.0=36%  0.1=36%  0.25=21%  0.5=25% | best=0.0 (36%, n=28)
[2026-06-15 21:39:35] oracle    ORACLE_BIAS [2P vs comet_reaper] 0.0=54%  2.0=68%  5.0=29%  10.0=14% | best=2.0 (68%, n=28)  <-- BEATS control
[2026-06-15 21:42:06] precog    PRECOG_OPP_STRENGTH [2P vs comet_reaper] 0.0=61%  0.1=36%  0.25=36%  0.5=39% | best=0.0 (61%, n=28)  <-- BEATS control
[2026-06-15 21:44:28] maestro   MAESTRO_GAIN [2P vs comet_reaper] 0.0=46%  0.1=39%  0.25=43%  0.5=36% | best=0.0 (46%, n=28)
[2026-06-15 21:46:34] helmsman  HELMSMAN_HORIZON_MULT [2P vs comet_reaper] 1.0=36%  1.15=39%  1.3=46%  1.5=11% | best=1.3 (46%, n=28)
[2026-06-15 21:46:36] self-play: launched chunk (init=selfplay_overnight.pt)
[2026-06-15 21:50:14] kingmaker KINGMAKER_LEADER_WEIGHT [focal-4P vs 3x comet_reaper] 0.0=29%  0.1=25%  0.25=29%  0.5=25% | best=0.0 (29%, n=28)
[2026-06-15 21:52:08] oracle    ORACLE_BIAS [2P vs comet_reaper] 0.0=46%  2.0=57%  5.0=11%  10.0=25% | best=2.0 (57%, n=28)  <-- BEATS control
[2026-06-15 21:54:46] precog    PRECOG_OPP_STRENGTH [2P vs comet_reaper] 0.0=43%  0.1=39%  0.25=46%  0.5=36% | best=0.25 (46%, n=28)
[2026-06-15 21:57:15] maestro   MAESTRO_GAIN [2P vs comet_reaper] 0.0=39%  0.1=36%  0.25=39%  0.5=39% | best=0.0 (39%, n=28)
[2026-06-15 21:59:19] helmsman  HELMSMAN_HORIZON_MULT [2P vs comet_reaper] 1.0=57%  1.15=32%  1.3=46%  1.5=14% | best=1.0 (57%, n=28)  <-- BEATS control
[2026-06-15 22:02:53] kingmaker KINGMAKER_LEADER_WEIGHT [focal-4P vs 3x comet_reaper] 0.0=36%  0.1=18%  0.25=18%  0.5=21% | best=0.0 (36%, n=28)
[2026-06-15 22:04:50] oracle    ORACLE_BIAS [2P vs comet_reaper] 0.0=75%  2.0=54%  5.0=29%  10.0=0% | best=0.0 (75%, n=28)  <-- BEATS control
[2026-06-15 22:07:25] precog    PRECOG_OPP_STRENGTH [2P vs comet_reaper] 0.0=36%  0.1=54%  0.25=36%  0.5=36% | best=0.1 (54%, n=28)  <-- BEATS control
[2026-06-15 22:09:52] maestro   MAESTRO_GAIN [2P vs comet_reaper] 0.0=39%  0.1=43%  0.25=36%  0.5=50% | best=0.5 (50%, n=28)
[2026-06-15 22:12:02] helmsman  HELMSMAN_HORIZON_MULT [2P vs comet_reaper] 1.0=43%  1.15=36%  1.3=21%  1.5=14% | best=1.0 (43%, n=28)
[2026-06-15 22:15:44] kingmaker KINGMAKER_LEADER_WEIGHT [focal-4P vs 3x comet_reaper] 0.0=29%  0.1=25%  0.25=25%  0.5=18% | best=0.0 (29%, n=28)
[2026-06-15 22:17:39] oracle    ORACLE_BIAS [2P vs comet_reaper] 0.0=56%  2.0=39%  5.0=29%  10.0=25% | best=0.0 (56%, n=25)  <-- BEATS control
[2026-06-15 22:17:42] precog    PRECOG_OPP_STRENGTH [2P vs comet_reaper] 0.0=0%  0.1=0%  0.25=0%  0.5=0% | best=0.0 (0%, n=0)
[2026-06-15 22:17:44] maestro   MAESTRO_GAIN [2P vs comet_reaper] 0.0=0%  0.1=0%  0.25=0%  0.5=0% | best=0.0 (0%, n=0)
[2026-06-15 22:17:46] helmsman  HELMSMAN_HORIZON_MULT [2P vs comet_reaper] 1.0=0%  1.15=0%  1.3=0%  1.5=0% | best=1.0 (0%, n=0)
[2026-06-15 22:17:48] kingmaker KINGMAKER_LEADER_WEIGHT [focal-4P vs 3x comet_reaper] 0.0=0%  0.1=0%  0.25=0%  0.5=0% | best=0.0 (0%, n=0)
[2026-06-15 22:17:50] oracle    ORACLE_BIAS [2P vs comet_reaper] 0.0=0%  2.0=0%  5.0=0%  10.0=0% | best=0.0 (0%, n=0)
[2026-06-15 22:17:52] precog    PRECOG_OPP_STRENGTH [2P vs comet_reaper] 0.0=0%  0.1=0%  0.25=0%  0.5=0% | best=0.0 (0%, n=0)
[2026-06-15 22:17:54] maestro   MAESTRO_GAIN [2P vs comet_reaper] 0.0=0%  0.1=0%  0.25=0%  0.5=0% | best=0.0 (0%, n=0)
[2026-06-15 22:17:56] helmsman  HELMSMAN_HORIZON_MULT [2P vs comet_reaper] 1.0=0%  1.15=0%  1.3=0%  1.5=0% | best=1.0 (0%, n=0)
[2026-06-15 22:17:58] kingmaker KINGMAKER_LEADER_WEIGHT [focal-4P vs 3x comet_reaper] 0.0=0%  0.1=0%  0.25=0%  0.5=0% | best=0.0 (0%, n=0)
[2026-06-15 22:18:00] oracle    ORACLE_BIAS [2P vs comet_reaper] 0.0=0%  2.0=0%  5.0=0%  10.0=0% | best=0.0 (0%, n=0)
[2026-06-15 22:18:02] precog    PRECOG_OPP_STRENGTH [2P vs comet_reaper] 0.0=0%  0.1=0%  0.25=0%  0.5=0% | best=0.0 (0%, n=0)
[2026-06-15 22:18:04] maestro   MAESTRO_GAIN [2P vs comet_reaper] 0.0=0%  0.1=0%  0.25=0%  0.5=0% | best=0.0 (0%, n=0)
[2026-06-15 22:18:06] helmsman  HELMSMAN_HORIZON_MULT [2P vs comet_reaper] 1.0=0%  1.15=0%  1.3=0%  1.5=0% | best=1.0 (0%, n=0)
[2026-06-15 22:18:08] kingmaker KINGMAKER_LEADER_WEIGHT [focal-4P vs 3x comet_reaper] 0.0=0%  0.1=0%  0.25=0%  0.5=0% | best=0.0 (0%, n=0)
[2026-06-15 22:18:10] oracle    ORACLE_BIAS [2P vs comet_reaper] 0.0=0%  2.0=0%  5.0=0%  10.0=0% | best=0.0 (0%, n=0)
[2026-06-15 22:18:12] precog    PRECOG_OPP_STRENGTH [2P vs comet_reaper] 0.0=0%  0.1=0%  0.25=0%  0.5=0% | best=0.0 (0%, n=0)
[2026-06-15 22:18:14] maestro   MAESTRO_GAIN [2P vs comet_reaper] 0.0=0%  0.1=0%  0.25=0%  0.5=0% | best=0.0 (0%, n=0)
[2026-06-15 22:18:16] helmsman  HELMSMAN_HORIZON_MULT [2P vs comet_reaper] 1.0=0%  1.15=0%  1.3=0%  1.5=0% | best=1.0 (0%, n=0)
[2026-06-15 22:18:18] kingmaker KINGMAKER_LEADER_WEIGHT [focal-4P vs 3x comet_reaper] 0.0=0%  0.1=0%  0.25=0%  0.5=0% | best=0.0 (0%, n=0)
[2026-06-15 22:18:20] oracle    ORACLE_BIAS [2P vs comet_reaper] 0.0=0%  2.0=0%  5.0=0%  10.0=0% | best=0.0 (0%, n=0)
[2026-06-15 22:18:22] precog    PRECOG_OPP_STRENGTH [2P vs comet_reaper] 0.0=0%  0.1=0%  0.25=0%  0.5=0% | best=0.0 (0%, n=0)
[2026-06-15 22:18:24] maestro   MAESTRO_GAIN [2P vs comet_reaper] 0.0=0%  0.1=0%  0.25=0%  0.5=0% | best=0.0 (0%, n=0)
[2026-06-15 22:18:26] helmsman  HELMSMAN_HORIZON_MULT [2P vs comet_reaper] 1.0=0%  1.15=0%  1.3=0%  1.5=0% | best=1.0 (0%, n=0)
[2026-06-15 22:18:29] kingmaker KINGMAKER_LEADER_WEIGHT [focal-4P vs 3x comet_reaper] 0.0=0%  0.1=0%  0.25=0%  0.5=0% | best=0.0 (0%, n=0)
[2026-06-15 22:18:31] oracle    ORACLE_BIAS [2P vs comet_reaper] 0.0=0%  2.0=0%  5.0=0%  10.0=0% | best=0.0 (0%, n=0)
[2026-06-15 22:18:33] precog    PRECOG_OPP_STRENGTH [2P vs comet_reaper] 0.0=0%  0.1=0%  0.25=0%  0.5=0% | best=0.0 (0%, n=0)
[2026-06-15 22:18:35] maestro   MAESTRO_GAIN [2P vs comet_reaper] 0.0=0%  0.1=0%  0.25=0%  0.5=0% | best=0.0 (0%, n=0)
[2026-06-15 22:18:37] helmsman  HELMSMAN_HORIZON_MULT [2P vs comet_reaper] 1.0=0%  1.15=0%  1.3=0%  1.5=0% | best=1.0 (0%, n=0)
[2026-06-15 22:18:39] kingmaker KINGMAKER_LEADER_WEIGHT [focal-4P vs 3x comet_reaper] 0.0=0%  0.1=0%  0.25=0%  0.5=0% | best=0.0 (0%, n=0)
[2026-06-15 22:18:41] oracle    ORACLE_BIAS [2P vs comet_reaper] 0.0=0%  2.0=0%  5.0=0%  10.0=0% | best=0.0 (0%, n=0)
[2026-06-15 22:18:43] precog    PRECOG_OPP_STRENGTH [2P vs comet_reaper] 0.0=0%  0.1=0%  0.25=0%  0.5=0% | best=0.0 (0%, n=0)
[2026-06-15 22:18:45] maestro   MAESTRO_GAIN [2P vs comet_reaper] 0.0=0%  0.1=0%  0.25=0%  0.5=0% | best=0.0 (0%, n=0)
[2026-06-15 22:18:47] helmsman  HELMSMAN_HORIZON_MULT [2P vs comet_reaper] 1.0=0%  1.15=0%  1.3=0%  1.5=0% | best=1.0 (0%, n=0)
[2026-06-15 22:18:49] kingmaker KINGMAKER_LEADER_WEIGHT [focal-4P vs 3x comet_reaper] 0.0=0%  0.1=0%  0.25=0%  0.5=0% | best=0.0 (0%, n=0)
[2026-06-15 22:18:51] oracle    ORACLE_BIAS [2P vs comet_reaper] 0.0=0%  2.0=0%  5.0=0%  10.0=0% | best=0.0 (0%, n=0)
[2026-06-15 22:18:53] precog    PRECOG_OPP_STRENGTH [2P vs comet_reaper] 0.0=0%  0.1=0%  0.25=0%  0.5=0% | best=0.0 (0%, n=0)
[2026-06-15 22:18:55] maestro   MAESTRO_GAIN [2P vs comet_reaper] 0.0=0%  0.1=0%  0.25=0%  0.5=0% | best=0.0 (0%, n=0)
[2026-06-15 22:18:57] helmsman  HELMSMAN_HORIZON_MULT [2P vs comet_reaper] 1.0=0%  1.15=0%  1.3=0%  1.5=0% | best=1.0 (0%, n=0)
[2026-06-15 22:18:59] kingmaker KINGMAKER_LEADER_WEIGHT [focal-4P vs 3x comet_reaper] 0.0=0%  0.1=0%  0.25=0%  0.5=0% | best=0.0 (0%, n=0)
[2026-06-15 22:19:01] oracle    ORACLE_BIAS [2P vs comet_reaper] 0.0=0%  2.0=0%  5.0=0%  10.0=0% | best=0.0 (0%, n=0)
[2026-06-15 22:19:03] precog    PRECOG_OPP_STRENGTH [2P vs comet_reaper] 0.0=0%  0.1=0%  0.25=0%  0.5=0% | best=0.0 (0%, n=0)
[2026-06-15 22:19:05] maestro   MAESTRO_GAIN [2P vs comet_reaper] 0.0=0%  0.1=0%  0.25=0%  0.5=0% | best=0.0 (0%, n=0)
[2026-06-15 22:19:07] helmsman  HELMSMAN_HORIZON_MULT [2P vs comet_reaper] 1.0=0%  1.15=0%  1.3=0%  1.5=0% | best=1.0 (0%, n=0)
[2026-06-15 22:19:09] kingmaker KINGMAKER_LEADER_WEIGHT [focal-4P vs 3x comet_reaper] 0.0=0%  0.1=0%  0.25=0%  0.5=0% | best=0.0 (0%, n=0)
[2026-06-15 22:19:12] oracle    ORACLE_BIAS [2P vs comet_reaper] 0.0=0%  2.0=0%  5.0=0%  10.0=0% | best=0.0 (0%, n=0)
[2026-06-15 22:19:14] precog    PRECOG_OPP_STRENGTH [2P vs comet_reaper] 0.0=0%  0.1=0%  0.25=0%  0.5=0% | best=0.0 (0%, n=0)
[2026-06-15 22:19:16] maestro   MAESTRO_GAIN [2P vs comet_reaper] 0.0=0%  0.1=0%  0.25=0%  0.5=0% | best=0.0 (0%, n=0)
[2026-06-15 22:19:18] helmsman  HELMSMAN_HORIZON_MULT [2P vs comet_reaper] 1.0=0%  1.15=0%  1.3=0%  1.5=0% | best=1.0 (0%, n=0)
[2026-06-15 22:19:20] kingmaker KINGMAKER_LEADER_WEIGHT [focal-4P vs 3x comet_reaper] 0.0=0%  0.1=0%  0.25=0%  0.5=0% | best=0.0 (0%, n=0)
[2026-06-15 22:19:22] oracle    ORACLE_BIAS [2P vs comet_reaper] 0.0=0%  2.0=0%  5.0=0%  10.0=0% | best=0.0 (0%, n=0)
[2026-06-15 22:19:24] precog    PRECOG_OPP_STRENGTH [2P vs comet_reaper] 0.0=0%  0.1=0%  0.25=0%  0.5=0% | best=0.0 (0%, n=0)
[2026-06-15 22:19:26] maestro   MAESTRO_GAIN [2P vs comet_reaper] 0.0=0%  0.1=0%  0.25=0%  0.5=0% | best=0.0 (0%, n=0)
[2026-06-15 22:19:28] helmsman  HELMSMAN_HORIZON_MULT [2P vs comet_reaper] 1.0=0%  1.15=0%  1.3=0%  1.5=0% | best=1.0 (0%, n=0)
[2026-06-15 22:19:30] kingmaker KINGMAKER_LEADER_WEIGHT [focal-4P vs 3x comet_reaper] 0.0=0%  0.1=0%  0.25=0%  0.5=0% | best=0.0 (0%, n=0)
[2026-06-15 22:19:32] oracle    ORACLE_BIAS [2P vs comet_reaper] 0.0=0%  2.0=0%  5.0=0%  10.0=0% | best=0.0 (0%, n=0)
[2026-06-15 22:19:34] precog    PRECOG_OPP_STRENGTH [2P vs comet_reaper] 0.0=0%  0.1=0%  0.25=0%  0.5=0% | best=0.0 (0%, n=0)
[2026-06-15 22:19:36] maestro   MAESTRO_GAIN [2P vs comet_reaper] 0.0=0%  0.1=0%  0.25=0%  0.5=0% | best=0.0 (0%, n=0)
[2026-06-15 22:19:38] helmsman  HELMSMAN_HORIZON_MULT [2P vs comet_reaper] 1.0=0%  1.15=0%  1.3=0%  1.5=0% | best=1.0 (0%, n=0)
[2026-06-15 22:19:40] kingmaker KINGMAKER_LEADER_WEIGHT [focal-4P vs 3x comet_reaper] 0.0=0%  0.1=0%  0.25=0%  0.5=0% | best=0.0 (0%, n=0)
[2026-06-15 22:19:42] oracle    ORACLE_BIAS [2P vs comet_reaper] 0.0=0%  2.0=0%  5.0=0%  10.0=0% | best=0.0 (0%, n=0)
[2026-06-15 22:19:44] precog    PRECOG_OPP_STRENGTH [2P vs comet_reaper] 0.0=0%  0.1=0%  0.25=0%  0.5=0% | best=0.0 (0%, n=0)
[2026-06-15 22:19:46] maestro   MAESTRO_GAIN [2P vs comet_reaper] 0.0=0%  0.1=0%  0.25=0%  0.5=0% | best=0.0 (0%, n=0)
[2026-06-15 22:19:48] helmsman  HELMSMAN_HORIZON_MULT [2P vs comet_reaper] 1.0=0%  1.15=0%  1.3=0%  1.5=0% | best=1.0 (0%, n=0)
[2026-06-15 22:19:50] kingmaker KINGMAKER_LEADER_WEIGHT [focal-4P vs 3x comet_reaper] 0.0=0%  0.1=0%  0.25=0%  0.5=0% | best=0.0 (0%, n=0)
[2026-06-15 22:19:52] oracle    ORACLE_BIAS [2P vs comet_reaper] 0.0=0%  2.0=0%  5.0=0%  10.0=0% | best=0.0 (0%, n=0)
[2026-06-15 22:19:55] precog    PRECOG_OPP_STRENGTH [2P vs comet_reaper] 0.0=0%  0.1=0%  0.25=0%  0.5=0% | best=0.0 (0%, n=0)
[2026-06-15 22:19:57] maestro   MAESTRO_GAIN [2P vs comet_reaper] 0.0=0%  0.1=0%  0.25=0%  0.5=0% | best=0.0 (0%, n=0)
[2026-06-15 22:19:59] helmsman  HELMSMAN_HORIZON_MULT [2P vs comet_reaper] 1.0=0%  1.15=0%  1.3=0%  1.5=0% | best=1.0 (0%, n=0)
[2026-06-15 22:20:01] kingmaker KINGMAKER_LEADER_WEIGHT [focal-4P vs 3x comet_reaper] 0.0=0%  0.1=0%  0.25=0%  0.5=0% | best=0.0 (0%, n=0)
[2026-06-15 22:20:03] oracle    ORACLE_BIAS [2P vs comet_reaper] 0.0=0%  2.0=0%  5.0=0%  10.0=0% | best=0.0 (0%, n=0)
[2026-06-15 22:20:05] precog    PRECOG_OPP_STRENGTH [2P vs comet_reaper] 0.0=0%  0.1=0%  0.25=0%  0.5=0% | best=0.0 (0%, n=0)
[2026-06-15 22:20:07] maestro   MAESTRO_GAIN [2P vs comet_reaper] 0.0=0%  0.1=0%  0.25=0%  0.5=0% | best=0.0 (0%, n=0)
[2026-06-15 22:20:09] helmsman  HELMSMAN_HORIZON_MULT [2P vs comet_reaper] 1.0=0%  1.15=0%  1.3=0%  1.5=0% | best=1.0 (0%, n=0)
[2026-06-15 22:20:11] kingmaker KINGMAKER_LEADER_WEIGHT [focal-4P vs 3x comet_reaper] 0.0=0%  0.1=0%  0.25=0%  0.5=0% | best=0.0 (0%, n=0)
[2026-06-15 22:20:13] oracle    ORACLE_BIAS [2P vs comet_reaper] 0.0=0%  2.0=0%  5.0=0%  10.0=0% | best=0.0 (0%, n=0)
[2026-06-15 22:20:15] precog    PRECOG_OPP_STRENGTH [2P vs comet_reaper] 0.0=0%  0.1=0%  0.25=0%  0.5=0% | best=0.0 (0%, n=0)
[2026-06-15 22:20:17] maestro   MAESTRO_GAIN [2P vs comet_reaper] 0.0=0%  0.1=0%  0.25=0%  0.5=0% | best=0.0 (0%, n=0)
[2026-06-15 22:20:19] helmsman  HELMSMAN_HORIZON_MULT [2P vs comet_reaper] 1.0=0%  1.15=0%  1.3=0%  1.5=0% | best=1.0 (0%, n=0)
[2026-06-15 22:20:21] kingmaker KINGMAKER_LEADER_WEIGHT [focal-4P vs 3x comet_reaper] 0.0=0%  0.1=0%  0.25=0%  0.5=0% | best=0.0 (0%, n=0)
[2026-06-15 22:20:23] oracle    ORACLE_BIAS [2P vs comet_reaper] 0.0=0%  2.0=0%  5.0=0%  10.0=0% | best=0.0 (0%, n=0)
[2026-06-15 22:20:25] precog    PRECOG_OPP_STRENGTH [2P vs comet_reaper] 0.0=0%  0.1=0%  0.25=0%  0.5=0% | best=0.0 (0%, n=0)
[2026-06-15 22:20:27] maestro   MAESTRO_GAIN [2P vs comet_reaper] 0.0=0%  0.1=0%  0.25=0%  0.5=0% | best=0.0 (0%, n=0)
[2026-06-15 22:20:29] helmsman  HELMSMAN_HORIZON_MULT [2P vs comet_reaper] 1.0=0%  1.15=0%  1.3=0%  1.5=0% | best=1.0 (0%, n=0)
[2026-06-15 22:20:31] kingmaker KINGMAKER_LEADER_WEIGHT [focal-4P vs 3x comet_reaper] 0.0=0%  0.1=0%  0.25=0%  0.5=0% | best=0.0 (0%, n=0)
[2026-06-15 22:20:33] oracle    ORACLE_BIAS [2P vs comet_reaper] 0.0=0%  2.0=0%  5.0=0%  10.0=0% | best=0.0 (0%, n=0)
[2026-06-15 22:20:35] precog    PRECOG_OPP_STRENGTH [2P vs comet_reaper] 0.0=0%  0.1=0%  0.25=0%  0.5=0% | best=0.0 (0%, n=0)
[2026-06-15 22:20:37] maestro   MAESTRO_GAIN [2P vs comet_reaper] 0.0=0%  0.1=0%  0.25=0%  0.5=0% | best=0.0 (0%, n=0)
[2026-06-15 22:20:40] helmsman  HELMSMAN_HORIZON_MULT [2P vs comet_reaper] 1.0=0%  1.15=0%  1.3=0%  1.5=0% | best=1.0 (0%, n=0)
[2026-06-15 22:20:42] kingmaker KINGMAKER_LEADER_WEIGHT [focal-4P vs 3x comet_reaper] 0.0=0%  0.1=0%  0.25=0%  0.5=0% | best=0.0 (0%, n=0)
[2026-06-15 22:20:44] oracle    ORACLE_BIAS [2P vs comet_reaper] 0.0=0%  2.0=0%  5.0=0%  10.0=0% | best=0.0 (0%, n=0)
[2026-06-15 22:20:46] precog    PRECOG_OPP_STRENGTH [2P vs comet_reaper] 0.0=0%  0.1=0%  0.25=0%  0.5=0% | best=0.0 (0%, n=0)
[2026-06-15 22:20:48] maestro   MAESTRO_GAIN [2P vs comet_reaper] 0.0=0%  0.1=0%  0.25=0%  0.5=0% | best=0.0 (0%, n=0)
[2026-06-15 22:20:50] helmsman  HELMSMAN_HORIZON_MULT [2P vs comet_reaper] 1.0=0%  1.15=0%  1.3=0%  1.5=0% | best=1.0 (0%, n=0)
[2026-06-15 22:20:52] kingmaker KINGMAKER_LEADER_WEIGHT [focal-4P vs 3x comet_reaper] 0.0=0%  0.1=0%  0.25=0%  0.5=0% | best=0.0 (0%, n=0)
[2026-06-15 22:20:54] oracle    ORACLE_BIAS [2P vs comet_reaper] 0.0=0%  2.0=0%  5.0=0%  10.0=0% | best=0.0 (0%, n=0)
[2026-06-15 22:20:56] precog    PRECOG_OPP_STRENGTH [2P vs comet_reaper] 0.0=0%  0.1=0%  0.25=0%  0.5=0% | best=0.0 (0%, n=0)
[2026-06-15 22:20:58] maestro   MAESTRO_GAIN [2P vs comet_reaper] 0.0=0%  0.1=0%  0.25=0%  0.5=0% | best=0.0 (0%, n=0)
[2026-06-15 22:21:00] helmsman  HELMSMAN_HORIZON_MULT [2P vs comet_reaper] 1.0=0%  1.15=0%  1.3=0%  1.5=0% | best=1.0 (0%, n=0)
[2026-06-15 22:21:02] kingmaker KINGMAKER_LEADER_WEIGHT [focal-4P vs 3x comet_reaper] 0.0=0%  0.1=0%  0.25=0%  0.5=0% | best=0.0 (0%, n=0)
[2026-06-15 22:21:04] oracle    ORACLE_BIAS [2P vs comet_reaper] 0.0=0%  2.0=0%  5.0=0%  10.0=0% | best=0.0 (0%, n=0)
[2026-06-15 22:21:06] precog    PRECOG_OPP_STRENGTH [2P vs comet_reaper] 0.0=0%  0.1=0%  0.25=0%  0.5=0% | best=0.0 (0%, n=0)
[2026-06-15 22:21:08] maestro   MAESTRO_GAIN [2P vs comet_reaper] 0.0=0%  0.1=0%  0.25=0%  0.5=0% | best=0.0 (0%, n=0)
[2026-06-15 22:21:10] helmsman  HELMSMAN_HORIZON_MULT [2P vs comet_reaper] 1.0=0%  1.15=0%  1.3=0%  1.5=0% | best=1.0 (0%, n=0)
[2026-06-15 22:21:12] kingmaker KINGMAKER_LEADER_WEIGHT [focal-4P vs 3x comet_reaper] 0.0=0%  0.1=0%  0.25=0%  0.5=0% | best=0.0 (0%, n=0)
[2026-06-15 22:21:14] oracle    ORACLE_BIAS [2P vs comet_reaper] 0.0=0%  2.0=0%  5.0=0%  10.0=0% | best=0.0 (0%, n=0)
[2026-06-15 22:21:16] precog    PRECOG_OPP_STRENGTH [2P vs comet_reaper] 0.0=0%  0.1=0%  0.25=0%  0.5=0% | best=0.0 (0%, n=0)
[2026-06-15 22:21:19] maestro   MAESTRO_GAIN [2P vs comet_reaper] 0.0=0%  0.1=0%  0.25=0%  0.5=0% | best=0.0 (0%, n=0)
[2026-06-15 22:21:21] helmsman  HELMSMAN_HORIZON_MULT [2P vs comet_reaper] 1.0=0%  1.15=0%  1.3=0%  1.5=0% | best=1.0 (0%, n=0)
[2026-06-15 22:21:23] kingmaker KINGMAKER_LEADER_WEIGHT [focal-4P vs 3x comet_reaper] 0.0=0%  0.1=0%  0.25=0%  0.5=0% | best=0.0 (0%, n=0)
[2026-06-15 22:21:25] oracle    ORACLE_BIAS [2P vs comet_reaper] 0.0=0%  2.0=0%  5.0=0%  10.0=0% | best=0.0 (0%, n=0)
[2026-06-15 22:21:27] precog    PRECOG_OPP_STRENGTH [2P vs comet_reaper] 0.0=0%  0.1=0%  0.25=0%  0.5=0% | best=0.0 (0%, n=0)
[2026-06-15 22:21:29] maestro   MAESTRO_GAIN [2P vs comet_reaper] 0.0=0%  0.1=0%  0.25=0%  0.5=0% | best=0.0 (0%, n=0)
[2026-06-15 22:21:31] helmsman  HELMSMAN_HORIZON_MULT [2P vs comet_reaper] 1.0=0%  1.15=0%  1.3=0%  1.5=0% | best=1.0 (0%, n=0)
[2026-06-15 22:21:33] kingmaker KINGMAKER_LEADER_WEIGHT [focal-4P vs 3x comet_reaper] 0.0=0%  0.1=0%  0.25=0%  0.5=0% | best=0.0 (0%, n=0)
[2026-06-15 22:21:35] oracle    ORACLE_BIAS [2P vs comet_reaper] 0.0=0%  2.0=0%  5.0=0%  10.0=0% | best=0.0 (0%, n=0)
[2026-06-15 22:21:37] precog    PRECOG_OPP_STRENGTH [2P vs comet_reaper] 0.0=0%  0.1=0%  0.25=0%  0.5=0% | best=0.0 (0%, n=0)
[2026-06-15 22:21:39] maestro   MAESTRO_GAIN [2P vs comet_reaper] 0.0=0%  0.1=0%  0.25=0%  0.5=0% | best=0.0 (0%, n=0)
[2026-06-15 22:21:41] helmsman  HELMSMAN_HORIZON_MULT [2P vs comet_reaper] 1.0=0%  1.15=0%  1.3=0%  1.5=0% | best=1.0 (0%, n=0)
[2026-06-15 22:21:43] kingmaker KINGMAKER_LEADER_WEIGHT [focal-4P vs 3x comet_reaper] 0.0=0%  0.1=0%  0.25=0%  0.5=0% | best=0.0 (0%, n=0)
[2026-06-15 22:21:45] oracle    ORACLE_BIAS [2P vs comet_reaper] 0.0=0%  2.0=0%  5.0=0%  10.0=0% | best=0.0 (0%, n=0)
[2026-06-15 22:21:47] precog    PRECOG_OPP_STRENGTH [2P vs comet_reaper] 0.0=0%  0.1=0%  0.25=0%  0.5=0% | best=0.0 (0%, n=0)
[2026-06-15 22:21:49] maestro   MAESTRO_GAIN [2P vs comet_reaper] 0.0=0%  0.1=0%  0.25=0%  0.5=0% | best=0.0 (0%, n=0)
[2026-06-15 22:21:51] helmsman  HELMSMAN_HORIZON_MULT [2P vs comet_reaper] 1.0=0%  1.15=0%  1.3=0%  1.5=0% | best=1.0 (0%, n=0)
[2026-06-15 22:21:53] kingmaker KINGMAKER_LEADER_WEIGHT [focal-4P vs 3x comet_reaper] 0.0=0%  0.1=0%  0.25=0%  0.5=0% | best=0.0 (0%, n=0)
[2026-06-15 22:21:55] oracle    ORACLE_BIAS [2P vs comet_reaper] 0.0=0%  2.0=0%  5.0=0%  10.0=0% | best=0.0 (0%, n=0)
[2026-06-15 22:21:57] precog    PRECOG_OPP_STRENGTH [2P vs comet_reaper] 0.0=0%  0.1=0%  0.25=0%  0.5=0% | best=0.0 (0%, n=0)
[2026-06-15 22:21:59] maestro   MAESTRO_GAIN [2P vs comet_reaper] 0.0=0%  0.1=0%  0.25=0%  0.5=0% | best=0.0 (0%, n=0)
[2026-06-15 22:22:02] helmsman  HELMSMAN_HORIZON_MULT [2P vs comet_reaper] 1.0=0%  1.15=0%  1.3=0%  1.5=0% | best=1.0 (0%, n=0)
[2026-06-15 22:22:04] kingmaker KINGMAKER_LEADER_WEIGHT [focal-4P vs 3x comet_reaper] 0.0=0%  0.1=0%  0.25=0%  0.5=0% | best=0.0 (0%, n=0)
[2026-06-15 22:22:06] oracle    ORACLE_BIAS [2P vs comet_reaper] 0.0=0%  2.0=0%  5.0=0%  10.0=0% | best=0.0 (0%, n=0)
[2026-06-15 22:22:08] precog    PRECOG_OPP_STRENGTH [2P vs comet_reaper] 0.0=0%  0.1=0%  0.25=0%  0.5=0% | best=0.0 (0%, n=0)
[2026-06-15 22:22:10] maestro   MAESTRO_GAIN [2P vs comet_reaper] 0.0=0%  0.1=0%  0.25=0%  0.5=0% | best=0.0 (0%, n=0)
[2026-06-15 22:22:12] helmsman  HELMSMAN_HORIZON_MULT [2P vs comet_reaper] 1.0=0%  1.15=0%  1.3=0%  1.5=0% | best=1.0 (0%, n=0)
[2026-06-15 22:22:14] kingmaker KINGMAKER_LEADER_WEIGHT [focal-4P vs 3x comet_reaper] 0.0=0%  0.1=0%  0.25=0%  0.5=0% | best=0.0 (0%, n=0)
[2026-06-15 22:22:16] oracle    ORACLE_BIAS [2P vs comet_reaper] 0.0=0%  2.0=0%  5.0=0%  10.0=0% | best=0.0 (0%, n=0)
[2026-06-15 22:22:18] precog    PRECOG_OPP_STRENGTH [2P vs comet_reaper] 0.0=0%  0.1=0%  0.25=0%  0.5=0% | best=0.0 (0%, n=0)
[2026-06-15 22:22:20] maestro   MAESTRO_GAIN [2P vs comet_reaper] 0.0=0%  0.1=0%  0.25=0%  0.5=0% | best=0.0 (0%, n=0)
[2026-06-15 22:22:22] helmsman  HELMSMAN_HORIZON_MULT [2P vs comet_reaper] 1.0=0%  1.15=0%  1.3=0%  1.5=0% | best=1.0 (0%, n=0)
[2026-06-15 22:22:24] kingmaker KINGMAKER_LEADER_WEIGHT [focal-4P vs 3x comet_reaper] 0.0=0%  0.1=0%  0.25=0%  0.5=0% | best=0.0 (0%, n=0)
[2026-06-15 22:22:26] oracle    ORACLE_BIAS [2P vs comet_reaper] 0.0=0%  2.0=0%  5.0=0%  10.0=0% | best=0.0 (0%, n=0)
[2026-06-15 22:22:28] precog    PRECOG_OPP_STRENGTH [2P vs comet_reaper] 0.0=0%  0.1=0%  0.25=0%  0.5=0% | best=0.0 (0%, n=0)
[2026-06-15 22:22:30] maestro   MAESTRO_GAIN [2P vs comet_reaper] 0.0=0%  0.1=0%  0.25=0%  0.5=0% | best=0.0 (0%, n=0)
[2026-06-15 22:22:32] helmsman  HELMSMAN_HORIZON_MULT [2P vs comet_reaper] 1.0=0%  1.15=0%  1.3=0%  1.5=0% | best=1.0 (0%, n=0)
[2026-06-15 22:22:34] kingmaker KINGMAKER_LEADER_WEIGHT [focal-4P vs 3x comet_reaper] 0.0=0%  0.1=0%  0.25=0%  0.5=0% | best=0.0 (0%, n=0)
[2026-06-15 22:22:36] oracle    ORACLE_BIAS [2P vs comet_reaper] 0.0=0%  2.0=0%  5.0=0%  10.0=0% | best=0.0 (0%, n=0)
[2026-06-15 22:22:38] precog    PRECOG_OPP_STRENGTH [2P vs comet_reaper] 0.0=0%  0.1=0%  0.25=0%  0.5=0% | best=0.0 (0%, n=0)
[2026-06-15 22:22:40] maestro   MAESTRO_GAIN [2P vs comet_reaper] 0.0=0%  0.1=0%  0.25=0%  0.5=0% | best=0.0 (0%, n=0)
[2026-06-15 22:22:42] helmsman  HELMSMAN_HORIZON_MULT [2P vs comet_reaper] 1.0=0%  1.15=0%  1.3=0%  1.5=0% | best=1.0 (0%, n=0)
[2026-06-15 22:22:45] kingmaker KINGMAKER_LEADER_WEIGHT [focal-4P vs 3x comet_reaper] 0.0=0%  0.1=0%  0.25=0%  0.5=0% | best=0.0 (0%, n=0)
[2026-06-15 22:22:47] oracle    ORACLE_BIAS [2P vs comet_reaper] 0.0=0%  2.0=0%  5.0=0%  10.0=0% | best=0.0 (0%, n=0)
[2026-06-15 22:22:49] precog    PRECOG_OPP_STRENGTH [2P vs comet_reaper] 0.0=0%  0.1=0%  0.25=0%  0.5=0% | best=0.0 (0%, n=0)
[2026-06-15 22:22:51] maestro   MAESTRO_GAIN [2P vs comet_reaper] 0.0=0%  0.1=0%  0.25=0%  0.5=0% | best=0.0 (0%, n=0)
[2026-06-15 22:22:53] helmsman  HELMSMAN_HORIZON_MULT [2P vs comet_reaper] 1.0=0%  1.15=0%  1.3=0%  1.5=0% | best=1.0 (0%, n=0)
[2026-06-15 22:22:55] kingmaker KINGMAKER_LEADER_WEIGHT [focal-4P vs 3x comet_reaper] 0.0=0%  0.1=0%  0.25=0%  0.5=0% | best=0.0 (0%, n=0)
[2026-06-15 22:22:57] oracle    ORACLE_BIAS [2P vs comet_reaper] 0.0=0%  2.0=0%  5.0=0%  10.0=0% | best=0.0 (0%, n=0)
[2026-06-15 22:22:59] precog    PRECOG_OPP_STRENGTH [2P vs comet_reaper] 0.0=0%  0.1=0%  0.25=0%  0.5=0% | best=0.0 (0%, n=0)
[2026-06-15 22:23:01] maestro   MAESTRO_GAIN [2P vs comet_reaper] 0.0=0%  0.1=0%  0.25=0%  0.5=0% | best=0.0 (0%, n=0)
[2026-06-15 22:23:03] helmsman  HELMSMAN_HORIZON_MULT [2P vs comet_reaper] 1.0=0%  1.15=0%  1.3=0%  1.5=0% | best=1.0 (0%, n=0)
[2026-06-15 22:23:05] kingmaker KINGMAKER_LEADER_WEIGHT [focal-4P vs 3x comet_reaper] 0.0=0%  0.1=0%  0.25=0%  0.5=0% | best=0.0 (0%, n=0)
[2026-06-15 22:23:07] oracle    ORACLE_BIAS [2P vs comet_reaper] 0.0=0%  2.0=0%  5.0=0%  10.0=0% | best=0.0 (0%, n=0)
[2026-06-15 22:23:09] precog    PRECOG_OPP_STRENGTH [2P vs comet_reaper] 0.0=0%  0.1=0%  0.25=0%  0.5=0% | best=0.0 (0%, n=0)
[2026-06-15 22:23:11] maestro   MAESTRO_GAIN [2P vs comet_reaper] 0.0=0%  0.1=0%  0.25=0%  0.5=0% | best=0.0 (0%, n=0)
[2026-06-15 22:23:13] helmsman  HELMSMAN_HORIZON_MULT [2P vs comet_reaper] 1.0=0%  1.15=0%  1.3=0%  1.5=0% | best=1.0 (0%, n=0)
[2026-06-15 22:23:15] kingmaker KINGMAKER_LEADER_WEIGHT [focal-4P vs 3x comet_reaper] 0.0=0%  0.1=0%  0.25=0%  0.5=0% | best=0.0 (0%, n=0)
[2026-06-15 22:23:17] oracle    ORACLE_BIAS [2P vs comet_reaper] 0.0=0%  2.0=0%  5.0=0%  10.0=0% | best=0.0 (0%, n=0)
[2026-06-15 22:23:19] precog    PRECOG_OPP_STRENGTH [2P vs comet_reaper] 0.0=0%  0.1=0%  0.25=0%  0.5=0% | best=0.0 (0%, n=0)
[2026-06-15 22:23:21] maestro   MAESTRO_GAIN [2P vs comet_reaper] 0.0=0%  0.1=0%  0.25=0%  0.5=0% | best=0.0 (0%, n=0)
[2026-06-15 22:23:23] helmsman  HELMSMAN_HORIZON_MULT [2P vs comet_reaper] 1.0=0%  1.15=0%  1.3=0%  1.5=0% | best=1.0 (0%, n=0)
[2026-06-15 22:23:25] kingmaker KINGMAKER_LEADER_WEIGHT [focal-4P vs 3x comet_reaper] 0.0=0%  0.1=0%  0.25=0%  0.5=0% | best=0.0 (0%, n=0)
[2026-06-15 22:23:28] oracle    ORACLE_BIAS [2P vs comet_reaper] 0.0=0%  2.0=0%  5.0=0%  10.0=0% | best=0.0 (0%, n=0)
[2026-06-15 22:23:30] precog    PRECOG_OPP_STRENGTH [2P vs comet_reaper] 0.0=0%  0.1=0%  0.25=0%  0.5=0% | best=0.0 (0%, n=0)
[2026-06-15 22:23:32] maestro   MAESTRO_GAIN [2P vs comet_reaper] 0.0=0%  0.1=0%  0.25=0%  0.5=0% | best=0.0 (0%, n=0)
[2026-06-15 22:23:34] helmsman  HELMSMAN_HORIZON_MULT [2P vs comet_reaper] 1.0=0%  1.15=0%  1.3=0%  1.5=0% | best=1.0 (0%, n=0)
[2026-06-15 22:23:36] kingmaker KINGMAKER_LEADER_WEIGHT [focal-4P vs 3x comet_reaper] 0.0=0%  0.1=0%  0.25=0%  0.5=0% | best=0.0 (0%, n=0)
[2026-06-15 22:23:38] oracle    ORACLE_BIAS [2P vs comet_reaper] 0.0=0%  2.0=0%  5.0=0%  10.0=0% | best=0.0 (0%, n=0)
[2026-06-15 22:23:40] precog    PRECOG_OPP_STRENGTH [2P vs comet_reaper] 0.0=0%  0.1=0%  0.25=0%  0.5=0% | best=0.0 (0%, n=0)
[2026-06-15 22:23:42] maestro   MAESTRO_GAIN [2P vs comet_reaper] 0.0=0%  0.1=0%  0.25=0%  0.5=0% | best=0.0 (0%, n=0)
[2026-06-15 22:23:44] helmsman  HELMSMAN_HORIZON_MULT [2P vs comet_reaper] 1.0=0%  1.15=0%  1.3=0%  1.5=0% | best=1.0 (0%, n=0)
[2026-06-15 22:23:46] kingmaker KINGMAKER_LEADER_WEIGHT [focal-4P vs 3x comet_reaper] 0.0=0%  0.1=0%  0.25=0%  0.5=0% | best=0.0 (0%, n=0)
[2026-06-15 22:23:48] oracle    ORACLE_BIAS [2P vs comet_reaper] 0.0=0%  2.0=0%  5.0=0%  10.0=0% | best=0.0 (0%, n=0)
[2026-06-15 22:23:50] precog    PRECOG_OPP_STRENGTH [2P vs comet_reaper] 0.0=0%  0.1=0%  0.25=0%  0.5=0% | best=0.0 (0%, n=0)
[2026-06-15 22:23:52] maestro   MAESTRO_GAIN [2P vs comet_reaper] 0.0=0%  0.1=0%  0.25=0%  0.5=0% | best=0.0 (0%, n=0)
[2026-06-15 22:23:54] helmsman  HELMSMAN_HORIZON_MULT [2P vs comet_reaper] 1.0=0%  1.15=0%  1.3=0%  1.5=0% | best=1.0 (0%, n=0)
[2026-06-15 22:23:56] kingmaker KINGMAKER_LEADER_WEIGHT [focal-4P vs 3x comet_reaper] 0.0=0%  0.1=0%  0.25=0%  0.5=0% | best=0.0 (0%, n=0)
[2026-06-15 22:23:58] oracle    ORACLE_BIAS [2P vs comet_reaper] 0.0=0%  2.0=0%  5.0=0%  10.0=0% | best=0.0 (0%, n=0)
[2026-06-15 22:24:00] precog    PRECOG_OPP_STRENGTH [2P vs comet_reaper] 0.0=0%  0.1=0%  0.25=0%  0.5=0% | best=0.0 (0%, n=0)
[2026-06-15 22:24:02] maestro   MAESTRO_GAIN [2P vs comet_reaper] 0.0=0%  0.1=0%  0.25=0%  0.5=0% | best=0.0 (0%, n=0)
[2026-06-15 22:24:04] helmsman  HELMSMAN_HORIZON_MULT [2P vs comet_reaper] 1.0=0%  1.15=0%  1.3=0%  1.5=0% | best=1.0 (0%, n=0)
[2026-06-15 22:24:06] kingmaker KINGMAKER_LEADER_WEIGHT [focal-4P vs 3x comet_reaper] 0.0=0%  0.1=0%  0.25=0%  0.5=0% | best=0.0 (0%, n=0)
[2026-06-15 22:24:08] oracle    ORACLE_BIAS [2P vs comet_reaper] 0.0=0%  2.0=0%  5.0=0%  10.0=0% | best=0.0 (0%, n=0)
[2026-06-15 22:24:11] precog    PRECOG_OPP_STRENGTH [2P vs comet_reaper] 0.0=0%  0.1=0%  0.25=0%  0.5=0% | best=0.0 (0%, n=0)
[2026-06-15 22:24:13] maestro   MAESTRO_GAIN [2P vs comet_reaper] 0.0=0%  0.1=0%  0.25=0%  0.5=0% | best=0.0 (0%, n=0)
[2026-06-15 22:24:15] helmsman  HELMSMAN_HORIZON_MULT [2P vs comet_reaper] 1.0=0%  1.15=0%  1.3=0%  1.5=0% | best=1.0 (0%, n=0)
[2026-06-15 22:24:17] kingmaker KINGMAKER_LEADER_WEIGHT [focal-4P vs 3x comet_reaper] 0.0=0%  0.1=0%  0.25=0%  0.5=0% | best=0.0 (0%, n=0)
[2026-06-15 22:24:19] oracle    ORACLE_BIAS [2P vs comet_reaper] 0.0=0%  2.0=0%  5.0=0%  10.0=0% | best=0.0 (0%, n=0)
[2026-06-15 22:24:21] precog    PRECOG_OPP_STRENGTH [2P vs comet_reaper] 0.0=0%  0.1=0%  0.25=0%  0.5=0% | best=0.0 (0%, n=0)
[2026-06-15 22:24:23] maestro   MAESTRO_GAIN [2P vs comet_reaper] 0.0=0%  0.1=0%  0.25=0%  0.5=0% | best=0.0 (0%, n=0)
[2026-06-15 22:24:25] helmsman  HELMSMAN_HORIZON_MULT [2P vs comet_reaper] 1.0=0%  1.15=0%  1.3=0%  1.5=0% | best=1.0 (0%, n=0)
[2026-06-15 22:24:27] kingmaker KINGMAKER_LEADER_WEIGHT [focal-4P vs 3x comet_reaper] 0.0=0%  0.1=0%  0.25=0%  0.5=0% | best=0.0 (0%, n=0)
[2026-06-15 22:24:29] oracle    ORACLE_BIAS [2P vs comet_reaper] 0.0=0%  2.0=0%  5.0=0%  10.0=0% | best=0.0 (0%, n=0)
[2026-06-15 22:24:31] precog    PRECOG_OPP_STRENGTH [2P vs comet_reaper] 0.0=0%  0.1=0%  0.25=0%  0.5=0% | best=0.0 (0%, n=0)
[2026-06-15 22:24:33] maestro   MAESTRO_GAIN [2P vs comet_reaper] 0.0=0%  0.1=0%  0.25=0%  0.5=0% | best=0.0 (0%, n=0)
[2026-06-15 22:24:35] helmsman  HELMSMAN_HORIZON_MULT [2P vs comet_reaper] 1.0=0%  1.15=0%  1.3=0%  1.5=0% | best=1.0 (0%, n=0)
[2026-06-15 22:24:37] kingmaker KINGMAKER_LEADER_WEIGHT [focal-4P vs 3x comet_reaper] 0.0=0%  0.1=0%  0.25=0%  0.5=0% | best=0.0 (0%, n=0)
[2026-06-15 22:24:39] oracle    ORACLE_BIAS [2P vs comet_reaper] 0.0=0%  2.0=0%  5.0=0%  10.0=0% | best=0.0 (0%, n=0)
[2026-06-15 22:24:41] precog    PRECOG_OPP_STRENGTH [2P vs comet_reaper] 0.0=0%  0.1=0%  0.25=0%  0.5=0% | best=0.0 (0%, n=0)
[2026-06-15 22:24:43] maestro   MAESTRO_GAIN [2P vs comet_reaper] 0.0=0%  0.1=0%  0.25=0%  0.5=0% | best=0.0 (0%, n=0)
[2026-06-15 22:24:45] helmsman  HELMSMAN_HORIZON_MULT [2P vs comet_reaper] 1.0=0%  1.15=0%  1.3=0%  1.5=0% | best=1.0 (0%, n=0)
[2026-06-15 22:24:47] kingmaker KINGMAKER_LEADER_WEIGHT [focal-4P vs 3x comet_reaper] 0.0=0%  0.1=0%  0.25=0%  0.5=0% | best=0.0 (0%, n=0)
[2026-06-15 22:24:49] oracle    ORACLE_BIAS [2P vs comet_reaper] 0.0=0%  2.0=0%  5.0=0%  10.0=0% | best=0.0 (0%, n=0)
[2026-06-15 22:24:51] precog    PRECOG_OPP_STRENGTH [2P vs comet_reaper] 0.0=0%  0.1=0%  0.25=0%  0.5=0% | best=0.0 (0%, n=0)
[2026-06-15 22:24:53] maestro   MAESTRO_GAIN [2P vs comet_reaper] 0.0=0%  0.1=0%  0.25=0%  0.5=0% | best=0.0 (0%, n=0)
[2026-06-15 22:24:56] helmsman  HELMSMAN_HORIZON_MULT [2P vs comet_reaper] 1.0=0%  1.15=0%  1.3=0%  1.5=0% | best=1.0 (0%, n=0)
[2026-06-15 22:24:58] kingmaker KINGMAKER_LEADER_WEIGHT [focal-4P vs 3x comet_reaper] 0.0=0%  0.1=0%  0.25=0%  0.5=0% | best=0.0 (0%, n=0)
[2026-06-15 22:25:00] oracle    ORACLE_BIAS [2P vs comet_reaper] 0.0=0%  2.0=0%  5.0=0%  10.0=0% | best=0.0 (0%, n=0)
[2026-06-15 22:25:02] precog    PRECOG_OPP_STRENGTH [2P vs comet_reaper] 0.0=0%  0.1=0%  0.25=0%  0.5=0% | best=0.0 (0%, n=0)
[2026-06-15 22:25:04] maestro   MAESTRO_GAIN [2P vs comet_reaper] 0.0=0%  0.1=0%  0.25=0%  0.5=0% | best=0.0 (0%, n=0)
[2026-06-15 22:25:06] helmsman  HELMSMAN_HORIZON_MULT [2P vs comet_reaper] 1.0=0%  1.15=0%  1.3=0%  1.5=0% | best=1.0 (0%, n=0)
[2026-06-15 22:25:08] kingmaker KINGMAKER_LEADER_WEIGHT [focal-4P vs 3x comet_reaper] 0.0=0%  0.1=0%  0.25=0%  0.5=0% | best=0.0 (0%, n=0)
[2026-06-15 22:25:10] oracle    ORACLE_BIAS [2P vs comet_reaper] 0.0=0%  2.0=0%  5.0=0%  10.0=0% | best=0.0 (0%, n=0)
[2026-06-15 22:25:12] precog    PRECOG_OPP_STRENGTH [2P vs comet_reaper] 0.0=0%  0.1=0%  0.25=0%  0.5=0% | best=0.0 (0%, n=0)
[2026-06-15 22:25:14] maestro   MAESTRO_GAIN [2P vs comet_reaper] 0.0=0%  0.1=0%  0.25=0%  0.5=0% | best=0.0 (0%, n=0)
[2026-06-15 22:25:16] helmsman  HELMSMAN_HORIZON_MULT [2P vs comet_reaper] 1.0=0%  1.15=0%  1.3=0%  1.5=0% | best=1.0 (0%, n=0)
[2026-06-15 22:25:18] kingmaker KINGMAKER_LEADER_WEIGHT [focal-4P vs 3x comet_reaper] 0.0=0%  0.1=0%  0.25=0%  0.5=0% | best=0.0 (0%, n=0)
[2026-06-15 22:25:20] oracle    ORACLE_BIAS [2P vs comet_reaper] 0.0=0%  2.0=0%  5.0=0%  10.0=0% | best=0.0 (0%, n=0)
[2026-06-15 22:25:22] precog    PRECOG_OPP_STRENGTH [2P vs comet_reaper] 0.0=0%  0.1=0%  0.25=0%  0.5=0% | best=0.0 (0%, n=0)
[2026-06-15 22:25:24] maestro   MAESTRO_GAIN [2P vs comet_reaper] 0.0=0%  0.1=0%  0.25=0%  0.5=0% | best=0.0 (0%, n=0)
[2026-06-15 22:25:26] helmsman  HELMSMAN_HORIZON_MULT [2P vs comet_reaper] 1.0=0%  1.15=0%  1.3=0%  1.5=0% | best=1.0 (0%, n=0)
[2026-06-15 22:25:28] kingmaker KINGMAKER_LEADER_WEIGHT [focal-4P vs 3x comet_reaper] 0.0=0%  0.1=0%  0.25=0%  0.5=0% | best=0.0 (0%, n=0)
[2026-06-15 22:25:30] oracle    ORACLE_BIAS [2P vs comet_reaper] 0.0=0%  2.0=0%  5.0=0%  10.0=0% | best=0.0 (0%, n=0)
[2026-06-15 22:25:32] precog    PRECOG_OPP_STRENGTH [2P vs comet_reaper] 0.0=0%  0.1=0%  0.25=0%  0.5=0% | best=0.0 (0%, n=0)
[2026-06-15 22:25:34] maestro   MAESTRO_GAIN [2P vs comet_reaper] 0.0=0%  0.1=0%  0.25=0%  0.5=0% | best=0.0 (0%, n=0)
[2026-06-15 22:25:36] helmsman  HELMSMAN_HORIZON_MULT [2P vs comet_reaper] 1.0=0%  1.15=0%  1.3=0%  1.5=0% | best=1.0 (0%, n=0)
[2026-06-15 22:25:39] kingmaker KINGMAKER_LEADER_WEIGHT [focal-4P vs 3x comet_reaper] 0.0=0%  0.1=0%  0.25=0%  0.5=0% | best=0.0 (0%, n=0)
[2026-06-15 22:25:41] oracle    ORACLE_BIAS [2P vs comet_reaper] 0.0=0%  2.0=0%  5.0=0%  10.0=0% | best=0.0 (0%, n=0)
[2026-06-15 22:25:43] precog    PRECOG_OPP_STRENGTH [2P vs comet_reaper] 0.0=0%  0.1=0%  0.25=0%  0.5=0% | best=0.0 (0%, n=0)
[2026-06-15 22:25:45] maestro   MAESTRO_GAIN [2P vs comet_reaper] 0.0=0%  0.1=0%  0.25=0%  0.5=0% | best=0.0 (0%, n=0)
[2026-06-15 22:25:47] helmsman  HELMSMAN_HORIZON_MULT [2P vs comet_reaper] 1.0=0%  1.15=0%  1.3=0%  1.5=0% | best=1.0 (0%, n=0)
[2026-06-15 22:25:49] kingmaker KINGMAKER_LEADER_WEIGHT [focal-4P vs 3x comet_reaper] 0.0=0%  0.1=0%  0.25=0%  0.5=0% | best=0.0 (0%, n=0)
[2026-06-15 22:25:51] oracle    ORACLE_BIAS [2P vs comet_reaper] 0.0=0%  2.0=0%  5.0=0%  10.0=0% | best=0.0 (0%, n=0)
[2026-06-15 22:25:53] precog    PRECOG_OPP_STRENGTH [2P vs comet_reaper] 0.0=0%  0.1=0%  0.25=0%  0.5=0% | best=0.0 (0%, n=0)
[2026-06-15 22:25:55] maestro   MAESTRO_GAIN [2P vs comet_reaper] 0.0=0%  0.1=0%  0.25=0%  0.5=0% | best=0.0 (0%, n=0)
[2026-06-15 22:25:57] helmsman  HELMSMAN_HORIZON_MULT [2P vs comet_reaper] 1.0=0%  1.15=0%  1.3=0%  1.5=0% | best=1.0 (0%, n=0)
[2026-06-15 22:25:59] kingmaker KINGMAKER_LEADER_WEIGHT [focal-4P vs 3x comet_reaper] 0.0=0%  0.1=0%  0.25=0%  0.5=0% | best=0.0 (0%, n=0)
[2026-06-15 22:26:01] oracle    ORACLE_BIAS [2P vs comet_reaper] 0.0=0%  2.0=0%  5.0=0%  10.0=0% | best=0.0 (0%, n=0)
[2026-06-15 22:26:03] precog    PRECOG_OPP_STRENGTH [2P vs comet_reaper] 0.0=0%  0.1=0%  0.25=0%  0.5=0% | best=0.0 (0%, n=0)
[2026-06-15 22:26:05] maestro   MAESTRO_GAIN [2P vs comet_reaper] 0.0=0%  0.1=0%  0.25=0%  0.5=0% | best=0.0 (0%, n=0)
[2026-06-15 22:26:07] helmsman  HELMSMAN_HORIZON_MULT [2P vs comet_reaper] 1.0=0%  1.15=0%  1.3=0%  1.5=0% | best=1.0 (0%, n=0)
[2026-06-15 22:26:09] kingmaker KINGMAKER_LEADER_WEIGHT [focal-4P vs 3x comet_reaper] 0.0=0%  0.1=0%  0.25=0%  0.5=0% | best=0.0 (0%, n=0)
[2026-06-15 22:26:11] oracle    ORACLE_BIAS [2P vs comet_reaper] 0.0=0%  2.0=0%  5.0=0%  10.0=0% | best=0.0 (0%, n=0)
[2026-06-15 22:26:13] precog    PRECOG_OPP_STRENGTH [2P vs comet_reaper] 0.0=0%  0.1=0%  0.25=0%  0.5=0% | best=0.0 (0%, n=0)
[2026-06-15 22:26:15] maestro   MAESTRO_GAIN [2P vs comet_reaper] 0.0=0%  0.1=0%  0.25=0%  0.5=0% | best=0.0 (0%, n=0)
[2026-06-15 22:26:17] helmsman  HELMSMAN_HORIZON_MULT [2P vs comet_reaper] 1.0=0%  1.15=0%  1.3=0%  1.5=0% | best=1.0 (0%, n=0)
[2026-06-15 22:26:20] kingmaker KINGMAKER_LEADER_WEIGHT [focal-4P vs 3x comet_reaper] 0.0=0%  0.1=0%  0.25=0%  0.5=0% | best=0.0 (0%, n=0)
[2026-06-15 22:26:22] oracle    ORACLE_BIAS [2P vs comet_reaper] 0.0=0%  2.0=0%  5.0=0%  10.0=0% | best=0.0 (0%, n=0)
[2026-06-15 22:26:24] precog    PRECOG_OPP_STRENGTH [2P vs comet_reaper] 0.0=0%  0.1=0%  0.25=0%  0.5=0% | best=0.0 (0%, n=0)
[2026-06-15 22:26:26] maestro   MAESTRO_GAIN [2P vs comet_reaper] 0.0=0%  0.1=0%  0.25=0%  0.5=0% | best=0.0 (0%, n=0)
[2026-06-15 22:26:28] helmsman  HELMSMAN_HORIZON_MULT [2P vs comet_reaper] 1.0=0%  1.15=0%  1.3=0%  1.5=0% | best=1.0 (0%, n=0)
[2026-06-15 22:26:30] kingmaker KINGMAKER_LEADER_WEIGHT [focal-4P vs 3x comet_reaper] 0.0=0%  0.1=0%  0.25=0%  0.5=0% | best=0.0 (0%, n=0)
[2026-06-15 22:26:32] oracle    ORACLE_BIAS [2P vs comet_reaper] 0.0=0%  2.0=0%  5.0=0%  10.0=0% | best=0.0 (0%, n=0)
[2026-06-15 22:26:34] precog    PRECOG_OPP_STRENGTH [2P vs comet_reaper] 0.0=0%  0.1=0%  0.25=0%  0.5=0% | best=0.0 (0%, n=0)
[2026-06-15 22:26:36] maestro   MAESTRO_GAIN [2P vs comet_reaper] 0.0=0%  0.1=0%  0.25=0%  0.5=0% | best=0.0 (0%, n=0)
[2026-06-15 22:26:38] helmsman  HELMSMAN_HORIZON_MULT [2P vs comet_reaper] 1.0=0%  1.15=0%  1.3=0%  1.5=0% | best=1.0 (0%, n=0)
[2026-06-15 22:26:40] kingmaker KINGMAKER_LEADER_WEIGHT [focal-4P vs 3x comet_reaper] 0.0=0%  0.1=0%  0.25=0%  0.5=0% | best=0.0 (0%, n=0)
[2026-06-15 22:26:42] oracle    ORACLE_BIAS [2P vs comet_reaper] 0.0=0%  2.0=0%  5.0=0%  10.0=0% | best=0.0 (0%, n=0)
[2026-06-15 22:26:44] precog    PRECOG_OPP_STRENGTH [2P vs comet_reaper] 0.0=0%  0.1=0%  0.25=0%  0.5=0% | best=0.0 (0%, n=0)
[2026-06-15 22:26:46] maestro   MAESTRO_GAIN [2P vs comet_reaper] 0.0=0%  0.1=0%  0.25=0%  0.5=0% | best=0.0 (0%, n=0)
[2026-06-15 22:26:48] helmsman  HELMSMAN_HORIZON_MULT [2P vs comet_reaper] 1.0=0%  1.15=0%  1.3=0%  1.5=0% | best=1.0 (0%, n=0)
[2026-06-15 22:26:50] kingmaker KINGMAKER_LEADER_WEIGHT [focal-4P vs 3x comet_reaper] 0.0=0%  0.1=0%  0.25=0%  0.5=0% | best=0.0 (0%, n=0)
[2026-06-15 22:26:52] oracle    ORACLE_BIAS [2P vs comet_reaper] 0.0=0%  2.0=0%  5.0=0%  10.0=0% | best=0.0 (0%, n=0)
[2026-06-15 22:26:54] precog    PRECOG_OPP_STRENGTH [2P vs comet_reaper] 0.0=0%  0.1=0%  0.25=0%  0.5=0% | best=0.0 (0%, n=0)
[2026-06-15 22:26:56] maestro   MAESTRO_GAIN [2P vs comet_reaper] 0.0=0%  0.1=0%  0.25=0%  0.5=0% | best=0.0 (0%, n=0)
[2026-06-15 22:26:58] helmsman  HELMSMAN_HORIZON_MULT [2P vs comet_reaper] 1.0=0%  1.15=0%  1.3=0%  1.5=0% | best=1.0 (0%, n=0)
[2026-06-15 22:27:00] kingmaker KINGMAKER_LEADER_WEIGHT [focal-4P vs 3x comet_reaper] 0.0=0%  0.1=0%  0.25=0%  0.5=0% | best=0.0 (0%, n=0)
[2026-06-15 22:27:03] oracle    ORACLE_BIAS [2P vs comet_reaper] 0.0=0%  2.0=0%  5.0=0%  10.0=0% | best=0.0 (0%, n=0)
[2026-06-15 22:27:05] precog    PRECOG_OPP_STRENGTH [2P vs comet_reaper] 0.0=0%  0.1=0%  0.25=0%  0.5=0% | best=0.0 (0%, n=0)
[2026-06-15 22:27:07] maestro   MAESTRO_GAIN [2P vs comet_reaper] 0.0=0%  0.1=0%  0.25=0%  0.5=0% | best=0.0 (0%, n=0)
[2026-06-15 22:27:09] helmsman  HELMSMAN_HORIZON_MULT [2P vs comet_reaper] 1.0=0%  1.15=0%  1.3=0%  1.5=0% | best=1.0 (0%, n=0)
[2026-06-15 22:27:11] kingmaker KINGMAKER_LEADER_WEIGHT [focal-4P vs 3x comet_reaper] 0.0=0%  0.1=0%  0.25=0%  0.5=0% | best=0.0 (0%, n=0)
[2026-06-15 22:27:13] oracle    ORACLE_BIAS [2P vs comet_reaper] 0.0=0%  2.0=0%  5.0=0%  10.0=0% | best=0.0 (0%, n=0)
[2026-06-15 22:27:15] precog    PRECOG_OPP_STRENGTH [2P vs comet_reaper] 0.0=0%  0.1=0%  0.25=0%  0.5=0% | best=0.0 (0%, n=0)
[2026-06-15 22:27:17] maestro   MAESTRO_GAIN [2P vs comet_reaper] 0.0=0%  0.1=0%  0.25=0%  0.5=0% | best=0.0 (0%, n=0)
[2026-06-15 22:27:19] helmsman  HELMSMAN_HORIZON_MULT [2P vs comet_reaper] 1.0=0%  1.15=0%  1.3=0%  1.5=0% | best=1.0 (0%, n=0)
[2026-06-15 22:27:21] kingmaker KINGMAKER_LEADER_WEIGHT [focal-4P vs 3x comet_reaper] 0.0=0%  0.1=0%  0.25=0%  0.5=0% | best=0.0 (0%, n=0)
[2026-06-15 22:27:23] oracle    ORACLE_BIAS [2P vs comet_reaper] 0.0=0%  2.0=0%  5.0=0%  10.0=0% | best=0.0 (0%, n=0)
[2026-06-15 22:27:25] precog    PRECOG_OPP_STRENGTH [2P vs comet_reaper] 0.0=0%  0.1=0%  0.25=0%  0.5=0% | best=0.0 (0%, n=0)
[2026-06-15 22:27:27] maestro   MAESTRO_GAIN [2P vs comet_reaper] 0.0=0%  0.1=0%  0.25=0%  0.5=0% | best=0.0 (0%, n=0)
[2026-06-15 22:27:29] helmsman  HELMSMAN_HORIZON_MULT [2P vs comet_reaper] 1.0=0%  1.15=0%  1.3=0%  1.5=0% | best=1.0 (0%, n=0)
[2026-06-15 22:27:31] kingmaker KINGMAKER_LEADER_WEIGHT [focal-4P vs 3x comet_reaper] 0.0=0%  0.1=0%  0.25=0%  0.5=0% | best=0.0 (0%, n=0)
[2026-06-15 22:27:33] oracle    ORACLE_BIAS [2P vs comet_reaper] 0.0=0%  2.0=0%  5.0=0%  10.0=0% | best=0.0 (0%, n=0)
[2026-06-15 22:27:35] precog    PRECOG_OPP_STRENGTH [2P vs comet_reaper] 0.0=0%  0.1=0%  0.25=0%  0.5=0% | best=0.0 (0%, n=0)
[2026-06-15 22:27:37] maestro   MAESTRO_GAIN [2P vs comet_reaper] 0.0=0%  0.1=0%  0.25=0%  0.5=0% | best=0.0 (0%, n=0)
[2026-06-15 22:27:39] helmsman  HELMSMAN_HORIZON_MULT [2P vs comet_reaper] 1.0=0%  1.15=0%  1.3=0%  1.5=0% | best=1.0 (0%, n=0)
[2026-06-15 22:27:41] kingmaker KINGMAKER_LEADER_WEIGHT [focal-4P vs 3x comet_reaper] 0.0=0%  0.1=0%  0.25=0%  0.5=0% | best=0.0 (0%, n=0)
[2026-06-15 22:27:43] oracle    ORACLE_BIAS [2P vs comet_reaper] 0.0=0%  2.0=0%  5.0=0%  10.0=0% | best=0.0 (0%, n=0)
[2026-06-15 22:27:46] precog    PRECOG_OPP_STRENGTH [2P vs comet_reaper] 0.0=0%  0.1=0%  0.25=0%  0.5=0% | best=0.0 (0%, n=0)
[2026-06-15 22:27:48] maestro   MAESTRO_GAIN [2P vs comet_reaper] 0.0=0%  0.1=0%  0.25=0%  0.5=0% | best=0.0 (0%, n=0)
[2026-06-15 22:27:50] helmsman  HELMSMAN_HORIZON_MULT [2P vs comet_reaper] 1.0=0%  1.15=0%  1.3=0%  1.5=0% | best=1.0 (0%, n=0)
[2026-06-15 22:27:52] kingmaker KINGMAKER_LEADER_WEIGHT [focal-4P vs 3x comet_reaper] 0.0=0%  0.1=0%  0.25=0%  0.5=0% | best=0.0 (0%, n=0)
[2026-06-15 22:27:54] oracle    ORACLE_BIAS [2P vs comet_reaper] 0.0=0%  2.0=0%  5.0=0%  10.0=0% | best=0.0 (0%, n=0)
[2026-06-15 22:27:56] precog    PRECOG_OPP_STRENGTH [2P vs comet_reaper] 0.0=0%  0.1=0%  0.25=0%  0.5=0% | best=0.0 (0%, n=0)
[2026-06-15 22:27:58] maestro   MAESTRO_GAIN [2P vs comet_reaper] 0.0=0%  0.1=0%  0.25=0%  0.5=0% | best=0.0 (0%, n=0)
[2026-06-15 22:28:00] helmsman  HELMSMAN_HORIZON_MULT [2P vs comet_reaper] 1.0=0%  1.15=0%  1.3=0%  1.5=0% | best=1.0 (0%, n=0)
[2026-06-15 22:28:02] kingmaker KINGMAKER_LEADER_WEIGHT [focal-4P vs 3x comet_reaper] 0.0=0%  0.1=0%  0.25=0%  0.5=0% | best=0.0 (0%, n=0)
[2026-06-15 22:28:04] oracle    ORACLE_BIAS [2P vs comet_reaper] 0.0=0%  2.0=0%  5.0=0%  10.0=0% | best=0.0 (0%, n=0)
[2026-06-15 22:28:06] precog    PRECOG_OPP_STRENGTH [2P vs comet_reaper] 0.0=0%  0.1=0%  0.25=0%  0.5=0% | best=0.0 (0%, n=0)
[2026-06-15 22:28:08] maestro   MAESTRO_GAIN [2P vs comet_reaper] 0.0=0%  0.1=0%  0.25=0%  0.5=0% | best=0.0 (0%, n=0)
[2026-06-15 22:28:10] helmsman  HELMSMAN_HORIZON_MULT [2P vs comet_reaper] 1.0=0%  1.15=0%  1.3=0%  1.5=0% | best=1.0 (0%, n=0)
[2026-06-15 22:28:12] kingmaker KINGMAKER_LEADER_WEIGHT [focal-4P vs 3x comet_reaper] 0.0=0%  0.1=0%  0.25=0%  0.5=0% | best=0.0 (0%, n=0)
[2026-06-15 22:28:14] oracle    ORACLE_BIAS [2P vs comet_reaper] 0.0=0%  2.0=0%  5.0=0%  10.0=0% | best=0.0 (0%, n=0)
[2026-06-15 22:28:16] precog    PRECOG_OPP_STRENGTH [2P vs comet_reaper] 0.0=0%  0.1=0%  0.25=0%  0.5=0% | best=0.0 (0%, n=0)
[2026-06-15 22:28:18] maestro   MAESTRO_GAIN [2P vs comet_reaper] 0.0=0%  0.1=0%  0.25=0%  0.5=0% | best=0.0 (0%, n=0)
[2026-06-15 22:28:20] helmsman  HELMSMAN_HORIZON_MULT [2P vs comet_reaper] 1.0=0%  1.15=0%  1.3=0%  1.5=0% | best=1.0 (0%, n=0)
[2026-06-15 22:28:22] kingmaker KINGMAKER_LEADER_WEIGHT [focal-4P vs 3x comet_reaper] 0.0=0%  0.1=0%  0.25=0%  0.5=0% | best=0.0 (0%, n=0)
[2026-06-15 22:28:24] oracle    ORACLE_BIAS [2P vs comet_reaper] 0.0=0%  2.0=0%  5.0=0%  10.0=0% | best=0.0 (0%, n=0)
[2026-06-15 22:28:26] precog    PRECOG_OPP_STRENGTH [2P vs comet_reaper] 0.0=0%  0.1=0%  0.25=0%  0.5=0% | best=0.0 (0%, n=0)
[2026-06-15 22:28:29] maestro   MAESTRO_GAIN [2P vs comet_reaper] 0.0=0%  0.1=0%  0.25=0%  0.5=0% | best=0.0 (0%, n=0)
[2026-06-15 22:28:31] helmsman  HELMSMAN_HORIZON_MULT [2P vs comet_reaper] 1.0=0%  1.15=0%  1.3=0%  1.5=0% | best=1.0 (0%, n=0)
[2026-06-15 22:28:33] kingmaker KINGMAKER_LEADER_WEIGHT [focal-4P vs 3x comet_reaper] 0.0=0%  0.1=0%  0.25=0%  0.5=0% | best=0.0 (0%, n=0)
[2026-06-15 22:28:35] oracle    ORACLE_BIAS [2P vs comet_reaper] 0.0=0%  2.0=0%  5.0=0%  10.0=0% | best=0.0 (0%, n=0)
[2026-06-15 22:28:37] precog    PRECOG_OPP_STRENGTH [2P vs comet_reaper] 0.0=0%  0.1=0%  0.25=0%  0.5=0% | best=0.0 (0%, n=0)
[2026-06-15 22:28:39] maestro   MAESTRO_GAIN [2P vs comet_reaper] 0.0=0%  0.1=0%  0.25=0%  0.5=0% | best=0.0 (0%, n=0)
[2026-06-15 22:28:41] helmsman  HELMSMAN_HORIZON_MULT [2P vs comet_reaper] 1.0=0%  1.15=0%  1.3=0%  1.5=0% | best=1.0 (0%, n=0)
[2026-06-15 22:28:43] kingmaker KINGMAKER_LEADER_WEIGHT [focal-4P vs 3x comet_reaper] 0.0=0%  0.1=0%  0.25=0%  0.5=0% | best=0.0 (0%, n=0)
[2026-06-15 22:28:45] oracle    ORACLE_BIAS [2P vs comet_reaper] 0.0=0%  2.0=0%  5.0=0%  10.0=0% | best=0.0 (0%, n=0)
[2026-06-15 22:28:47] precog    PRECOG_OPP_STRENGTH [2P vs comet_reaper] 0.0=0%  0.1=0%  0.25=0%  0.5=0% | best=0.0 (0%, n=0)
[2026-06-15 22:28:49] maestro   MAESTRO_GAIN [2P vs comet_reaper] 0.0=0%  0.1=0%  0.25=0%  0.5=0% | best=0.0 (0%, n=0)
[2026-06-15 22:28:51] helmsman  HELMSMAN_HORIZON_MULT [2P vs comet_reaper] 1.0=0%  1.15=0%  1.3=0%  1.5=0% | best=1.0 (0%, n=0)
[2026-06-15 22:28:53] kingmaker KINGMAKER_LEADER_WEIGHT [focal-4P vs 3x comet_reaper] 0.0=0%  0.1=0%  0.25=0%  0.5=0% | best=0.0 (0%, n=0)
[2026-06-15 22:28:55] oracle    ORACLE_BIAS [2P vs comet_reaper] 0.0=0%  2.0=0%  5.0=0%  10.0=0% | best=0.0 (0%, n=0)
[2026-06-15 22:28:57] precog    PRECOG_OPP_STRENGTH [2P vs comet_reaper] 0.0=0%  0.1=0%  0.25=0%  0.5=0% | best=0.0 (0%, n=0)
[2026-06-15 22:28:59] maestro   MAESTRO_GAIN [2P vs comet_reaper] 0.0=0%  0.1=0%  0.25=0%  0.5=0% | best=0.0 (0%, n=0)
[2026-06-15 22:29:01] helmsman  HELMSMAN_HORIZON_MULT [2P vs comet_reaper] 1.0=0%  1.15=0%  1.3=0%  1.5=0% | best=1.0 (0%, n=0)
[2026-06-15 22:29:03] kingmaker KINGMAKER_LEADER_WEIGHT [focal-4P vs 3x comet_reaper] 0.0=0%  0.1=0%  0.25=0%  0.5=0% | best=0.0 (0%, n=0)
[2026-06-15 22:29:05] oracle    ORACLE_BIAS [2P vs comet_reaper] 0.0=0%  2.0=0%  5.0=0%  10.0=0% | best=0.0 (0%, n=0)
[2026-06-15 22:29:07] precog    PRECOG_OPP_STRENGTH [2P vs comet_reaper] 0.0=0%  0.1=0%  0.25=0%  0.5=0% | best=0.0 (0%, n=0)
[2026-06-15 22:29:09] maestro   MAESTRO_GAIN [2P vs comet_reaper] 0.0=0%  0.1=0%  0.25=0%  0.5=0% | best=0.0 (0%, n=0)
[2026-06-15 22:29:12] helmsman  HELMSMAN_HORIZON_MULT [2P vs comet_reaper] 1.0=0%  1.15=0%  1.3=0%  1.5=0% | best=1.0 (0%, n=0)
[2026-06-15 22:29:14] kingmaker KINGMAKER_LEADER_WEIGHT [focal-4P vs 3x comet_reaper] 0.0=0%  0.1=0%  0.25=0%  0.5=0% | best=0.0 (0%, n=0)
[2026-06-15 22:29:16] oracle    ORACLE_BIAS [2P vs comet_reaper] 0.0=0%  2.0=0%  5.0=0%  10.0=0% | best=0.0 (0%, n=0)
[2026-06-15 22:29:18] precog    PRECOG_OPP_STRENGTH [2P vs comet_reaper] 0.0=0%  0.1=0%  0.25=0%  0.5=0% | best=0.0 (0%, n=0)
[2026-06-15 22:29:20] maestro   MAESTRO_GAIN [2P vs comet_reaper] 0.0=0%  0.1=0%  0.25=0%  0.5=0% | best=0.0 (0%, n=0)
[2026-06-15 22:29:22] helmsman  HELMSMAN_HORIZON_MULT [2P vs comet_reaper] 1.0=0%  1.15=0%  1.3=0%  1.5=0% | best=1.0 (0%, n=0)
[2026-06-15 22:29:24] kingmaker KINGMAKER_LEADER_WEIGHT [focal-4P vs 3x comet_reaper] 0.0=0%  0.1=0%  0.25=0%  0.5=0% | best=0.0 (0%, n=0)
[2026-06-15 22:29:26] oracle    ORACLE_BIAS [2P vs comet_reaper] 0.0=0%  2.0=0%  5.0=0%  10.0=0% | best=0.0 (0%, n=0)
[2026-06-15 22:29:28] precog    PRECOG_OPP_STRENGTH [2P vs comet_reaper] 0.0=0%  0.1=0%  0.25=0%  0.5=0% | best=0.0 (0%, n=0)
[2026-06-15 22:29:30] maestro   MAESTRO_GAIN [2P vs comet_reaper] 0.0=0%  0.1=0%  0.25=0%  0.5=0% | best=0.0 (0%, n=0)
[2026-06-15 22:29:32] helmsman  HELMSMAN_HORIZON_MULT [2P vs comet_reaper] 1.0=0%  1.15=0%  1.3=0%  1.5=0% | best=1.0 (0%, n=0)
[2026-06-15 22:29:34] kingmaker KINGMAKER_LEADER_WEIGHT [focal-4P vs 3x comet_reaper] 0.0=0%  0.1=0%  0.25=0%  0.5=0% | best=0.0 (0%, n=0)
[2026-06-15 22:29:36] oracle    ORACLE_BIAS [2P vs comet_reaper] 0.0=0%  2.0=0%  5.0=0%  10.0=0% | best=0.0 (0%, n=0)
[2026-06-15 22:29:38] precog    PRECOG_OPP_STRENGTH [2P vs comet_reaper] 0.0=0%  0.1=0%  0.25=0%  0.5=0% | best=0.0 (0%, n=0)
[2026-06-15 22:29:40] maestro   MAESTRO_GAIN [2P vs comet_reaper] 0.0=0%  0.1=0%  0.25=0%  0.5=0% | best=0.0 (0%, n=0)
[2026-06-15 22:29:42] helmsman  HELMSMAN_HORIZON_MULT [2P vs comet_reaper] 1.0=0%  1.15=0%  1.3=0%  1.5=0% | best=1.0 (0%, n=0)
[2026-06-15 22:29:44] kingmaker KINGMAKER_LEADER_WEIGHT [focal-4P vs 3x comet_reaper] 0.0=0%  0.1=0%  0.25=0%  0.5=0% | best=0.0 (0%, n=0)
[2026-06-15 22:29:46] oracle    ORACLE_BIAS [2P vs comet_reaper] 0.0=0%  2.0=0%  5.0=0%  10.0=0% | best=0.0 (0%, n=0)
[2026-06-15 22:29:48] precog    PRECOG_OPP_STRENGTH [2P vs comet_reaper] 0.0=0%  0.1=0%  0.25=0%  0.5=0% | best=0.0 (0%, n=0)
[2026-06-15 22:29:50] maestro   MAESTRO_GAIN [2P vs comet_reaper] 0.0=0%  0.1=0%  0.25=0%  0.5=0% | best=0.0 (0%, n=0)
[2026-06-15 22:29:52] helmsman  HELMSMAN_HORIZON_MULT [2P vs comet_reaper] 1.0=0%  1.15=0%  1.3=0%  1.5=0% | best=1.0 (0%, n=0)
[2026-06-15 22:29:55] kingmaker KINGMAKER_LEADER_WEIGHT [focal-4P vs 3x comet_reaper] 0.0=0%  0.1=0%  0.25=0%  0.5=0% | best=0.0 (0%, n=0)
[2026-06-15 22:29:57] oracle    ORACLE_BIAS [2P vs comet_reaper] 0.0=0%  2.0=0%  5.0=0%  10.0=0% | best=0.0 (0%, n=0)
[2026-06-15 22:29:59] precog    PRECOG_OPP_STRENGTH [2P vs comet_reaper] 0.0=0%  0.1=0%  0.25=0%  0.5=0% | best=0.0 (0%, n=0)
[2026-06-15 22:30:01] maestro   MAESTRO_GAIN [2P vs comet_reaper] 0.0=0%  0.1=0%  0.25=0%  0.5=0% | best=0.0 (0%, n=0)
[2026-06-15 22:30:03] helmsman  HELMSMAN_HORIZON_MULT [2P vs comet_reaper] 1.0=0%  1.15=0%  1.3=0%  1.5=0% | best=1.0 (0%, n=0)
[2026-06-15 22:30:05] kingmaker KINGMAKER_LEADER_WEIGHT [focal-4P vs 3x comet_reaper] 0.0=0%  0.1=0%  0.25=0%  0.5=0% | best=0.0 (0%, n=0)
[2026-06-15 22:30:07] oracle    ORACLE_BIAS [2P vs comet_reaper] 0.0=0%  2.0=0%  5.0=0%  10.0=0% | best=0.0 (0%, n=0)
[2026-06-15 22:30:09] precog    PRECOG_OPP_STRENGTH [2P vs comet_reaper] 0.0=0%  0.1=0%  0.25=0%  0.5=0% | best=0.0 (0%, n=0)
[2026-06-15 22:30:11] maestro   MAESTRO_GAIN [2P vs comet_reaper] 0.0=0%  0.1=0%  0.25=0%  0.5=0% | best=0.0 (0%, n=0)
[2026-06-15 22:30:13] helmsman  HELMSMAN_HORIZON_MULT [2P vs comet_reaper] 1.0=0%  1.15=0%  1.3=0%  1.5=0% | best=1.0 (0%, n=0)
[2026-06-15 22:30:15] kingmaker KINGMAKER_LEADER_WEIGHT [focal-4P vs 3x comet_reaper] 0.0=0%  0.1=0%  0.25=0%  0.5=0% | best=0.0 (0%, n=0)
[2026-06-15 22:30:17] oracle    ORACLE_BIAS [2P vs comet_reaper] 0.0=0%  2.0=0%  5.0=0%  10.0=0% | best=0.0 (0%, n=0)
[2026-06-15 22:30:19] precog    PRECOG_OPP_STRENGTH [2P vs comet_reaper] 0.0=0%  0.1=0%  0.25=0%  0.5=0% | best=0.0 (0%, n=0)
[2026-06-15 22:30:21] maestro   MAESTRO_GAIN [2P vs comet_reaper] 0.0=0%  0.1=0%  0.25=0%  0.5=0% | best=0.0 (0%, n=0)
[2026-06-15 22:30:23] helmsman  HELMSMAN_HORIZON_MULT [2P vs comet_reaper] 1.0=0%  1.15=0%  1.3=0%  1.5=0% | best=1.0 (0%, n=0)
[2026-06-15 22:30:25] kingmaker KINGMAKER_LEADER_WEIGHT [focal-4P vs 3x comet_reaper] 0.0=0%  0.1=0%  0.25=0%  0.5=0% | best=0.0 (0%, n=0)
[2026-06-15 22:30:27] oracle    ORACLE_BIAS [2P vs comet_reaper] 0.0=0%  2.0=0%  5.0=0%  10.0=0% | best=0.0 (0%, n=0)
[2026-06-15 22:30:29] precog    PRECOG_OPP_STRENGTH [2P vs comet_reaper] 0.0=0%  0.1=0%  0.25=0%  0.5=0% | best=0.0 (0%, n=0)
[2026-06-15 22:30:31] maestro   MAESTRO_GAIN [2P vs comet_reaper] 0.0=0%  0.1=0%  0.25=0%  0.5=0% | best=0.0 (0%, n=0)
[2026-06-15 22:30:33] helmsman  HELMSMAN_HORIZON_MULT [2P vs comet_reaper] 1.0=0%  1.15=0%  1.3=0%  1.5=0% | best=1.0 (0%, n=0)
[2026-06-15 22:30:35] kingmaker KINGMAKER_LEADER_WEIGHT [focal-4P vs 3x comet_reaper] 0.0=0%  0.1=0%  0.25=0%  0.5=0% | best=0.0 (0%, n=0)
[2026-06-15 22:30:38] oracle    ORACLE_BIAS [2P vs comet_reaper] 0.0=0%  2.0=0%  5.0=0%  10.0=0% | best=0.0 (0%, n=0)
[2026-06-15 22:30:40] precog    PRECOG_OPP_STRENGTH [2P vs comet_reaper] 0.0=0%  0.1=0%  0.25=0%  0.5=0% | best=0.0 (0%, n=0)
[2026-06-15 22:30:42] maestro   MAESTRO_GAIN [2P vs comet_reaper] 0.0=0%  0.1=0%  0.25=0%  0.5=0% | best=0.0 (0%, n=0)
[2026-06-15 22:30:44] helmsman  HELMSMAN_HORIZON_MULT [2P vs comet_reaper] 1.0=0%  1.15=0%  1.3=0%  1.5=0% | best=1.0 (0%, n=0)
[2026-06-15 22:30:46] kingmaker KINGMAKER_LEADER_WEIGHT [focal-4P vs 3x comet_reaper] 0.0=0%  0.1=0%  0.25=0%  0.5=0% | best=0.0 (0%, n=0)
[2026-06-15 22:30:48] oracle    ORACLE_BIAS [2P vs comet_reaper] 0.0=0%  2.0=0%  5.0=0%  10.0=0% | best=0.0 (0%, n=0)
[2026-06-15 22:30:50] precog    PRECOG_OPP_STRENGTH [2P vs comet_reaper] 0.0=0%  0.1=0%  0.25=0%  0.5=0% | best=0.0 (0%, n=0)
[2026-06-15 22:30:52] maestro   MAESTRO_GAIN [2P vs comet_reaper] 0.0=0%  0.1=0%  0.25=0%  0.5=0% | best=0.0 (0%, n=0)
[2026-06-15 22:30:54] helmsman  HELMSMAN_HORIZON_MULT [2P vs comet_reaper] 1.0=0%  1.15=0%  1.3=0%  1.5=0% | best=1.0 (0%, n=0)
[2026-06-15 22:30:56] kingmaker KINGMAKER_LEADER_WEIGHT [focal-4P vs 3x comet_reaper] 0.0=0%  0.1=0%  0.25=0%  0.5=0% | best=0.0 (0%, n=0)
[2026-06-15 22:30:58] oracle    ORACLE_BIAS [2P vs comet_reaper] 0.0=0%  2.0=0%  5.0=0%  10.0=0% | best=0.0 (0%, n=0)
[2026-06-15 22:31:00] precog    PRECOG_OPP_STRENGTH [2P vs comet_reaper] 0.0=0%  0.1=0%  0.25=0%  0.5=0% | best=0.0 (0%, n=0)
[2026-06-15 22:31:02] maestro   MAESTRO_GAIN [2P vs comet_reaper] 0.0=0%  0.1=0%  0.25=0%  0.5=0% | best=0.0 (0%, n=0)
[2026-06-15 22:31:04] helmsman  HELMSMAN_HORIZON_MULT [2P vs comet_reaper] 1.0=0%  1.15=0%  1.3=0%  1.5=0% | best=1.0 (0%, n=0)
[2026-06-15 22:31:06] kingmaker KINGMAKER_LEADER_WEIGHT [focal-4P vs 3x comet_reaper] 0.0=0%  0.1=0%  0.25=0%  0.5=0% | best=0.0 (0%, n=0)
[2026-06-15 22:31:08] oracle    ORACLE_BIAS [2P vs comet_reaper] 0.0=0%  2.0=0%  5.0=0%  10.0=0% | best=0.0 (0%, n=0)
[2026-06-15 22:31:10] precog    PRECOG_OPP_STRENGTH [2P vs comet_reaper] 0.0=0%  0.1=0%  0.25=0%  0.5=0% | best=0.0 (0%, n=0)
[2026-06-15 22:31:12] maestro   MAESTRO_GAIN [2P vs comet_reaper] 0.0=0%  0.1=0%  0.25=0%  0.5=0% | best=0.0 (0%, n=0)
[2026-06-15 22:31:14] helmsman  HELMSMAN_HORIZON_MULT [2P vs comet_reaper] 1.0=0%  1.15=0%  1.3=0%  1.5=0% | best=1.0 (0%, n=0)
[2026-06-15 22:31:16] kingmaker KINGMAKER_LEADER_WEIGHT [focal-4P vs 3x comet_reaper] 0.0=0%  0.1=0%  0.25=0%  0.5=0% | best=0.0 (0%, n=0)
[2026-06-15 22:31:18] oracle    ORACLE_BIAS [2P vs comet_reaper] 0.0=0%  2.0=0%  5.0=0%  10.0=0% | best=0.0 (0%, n=0)
[2026-06-15 22:31:20] precog    PRECOG_OPP_STRENGTH [2P vs comet_reaper] 0.0=0%  0.1=0%  0.25=0%  0.5=0% | best=0.0 (0%, n=0)
[2026-06-15 22:31:23] maestro   MAESTRO_GAIN [2P vs comet_reaper] 0.0=0%  0.1=0%  0.25=0%  0.5=0% | best=0.0 (0%, n=0)
[2026-06-15 22:31:25] helmsman  HELMSMAN_HORIZON_MULT [2P vs comet_reaper] 1.0=0%  1.15=0%  1.3=0%  1.5=0% | best=1.0 (0%, n=0)
[2026-06-15 22:31:27] kingmaker KINGMAKER_LEADER_WEIGHT [focal-4P vs 3x comet_reaper] 0.0=0%  0.1=0%  0.25=0%  0.5=0% | best=0.0 (0%, n=0)
[2026-06-15 22:31:29] oracle    ORACLE_BIAS [2P vs comet_reaper] 0.0=0%  2.0=0%  5.0=0%  10.0=0% | best=0.0 (0%, n=0)
[2026-06-15 22:31:31] precog    PRECOG_OPP_STRENGTH [2P vs comet_reaper] 0.0=0%  0.1=0%  0.25=0%  0.5=0% | best=0.0 (0%, n=0)
[2026-06-15 22:31:33] maestro   MAESTRO_GAIN [2P vs comet_reaper] 0.0=0%  0.1=0%  0.25=0%  0.5=0% | best=0.0 (0%, n=0)
[2026-06-15 22:31:35] helmsman  HELMSMAN_HORIZON_MULT [2P vs comet_reaper] 1.0=0%  1.15=0%  1.3=0%  1.5=0% | best=1.0 (0%, n=0)
[2026-06-15 22:31:37] kingmaker KINGMAKER_LEADER_WEIGHT [focal-4P vs 3x comet_reaper] 0.0=0%  0.1=0%  0.25=0%  0.5=0% | best=0.0 (0%, n=0)
[2026-06-15 22:31:39] oracle    ORACLE_BIAS [2P vs comet_reaper] 0.0=0%  2.0=0%  5.0=0%  10.0=0% | best=0.0 (0%, n=0)
[2026-06-15 22:31:41] precog    PRECOG_OPP_STRENGTH [2P vs comet_reaper] 0.0=0%  0.1=0%  0.25=0%  0.5=0% | best=0.0 (0%, n=0)
[2026-06-15 22:31:43] maestro   MAESTRO_GAIN [2P vs comet_reaper] 0.0=0%  0.1=0%  0.25=0%  0.5=0% | best=0.0 (0%, n=0)
[2026-06-15 22:31:45] helmsman  HELMSMAN_HORIZON_MULT [2P vs comet_reaper] 1.0=0%  1.15=0%  1.3=0%  1.5=0% | best=1.0 (0%, n=0)
[2026-06-15 22:31:47] kingmaker KINGMAKER_LEADER_WEIGHT [focal-4P vs 3x comet_reaper] 0.0=0%  0.1=0%  0.25=0%  0.5=0% | best=0.0 (0%, n=0)
[2026-06-15 22:31:49] oracle    ORACLE_BIAS [2P vs comet_reaper] 0.0=0%  2.0=0%  5.0=0%  10.0=0% | best=0.0 (0%, n=0)
[2026-06-15 22:31:51] precog    PRECOG_OPP_STRENGTH [2P vs comet_reaper] 0.0=0%  0.1=0%  0.25=0%  0.5=0% | best=0.0 (0%, n=0)
[2026-06-15 22:31:53] maestro   MAESTRO_GAIN [2P vs comet_reaper] 0.0=0%  0.1=0%  0.25=0%  0.5=0% | best=0.0 (0%, n=0)
[2026-06-15 22:31:55] helmsman  HELMSMAN_HORIZON_MULT [2P vs comet_reaper] 1.0=0%  1.15=0%  1.3=0%  1.5=0% | best=1.0 (0%, n=0)
[2026-06-15 22:31:57] kingmaker KINGMAKER_LEADER_WEIGHT [focal-4P vs 3x comet_reaper] 0.0=0%  0.1=0%  0.25=0%  0.5=0% | best=0.0 (0%, n=0)
[2026-06-15 22:31:59] oracle    ORACLE_BIAS [2P vs comet_reaper] 0.0=0%  2.0=0%  5.0=0%  10.0=0% | best=0.0 (0%, n=0)
[2026-06-15 22:32:01] precog    PRECOG_OPP_STRENGTH [2P vs comet_reaper] 0.0=0%  0.1=0%  0.25=0%  0.5=0% | best=0.0 (0%, n=0)
[2026-06-15 22:32:03] maestro   MAESTRO_GAIN [2P vs comet_reaper] 0.0=0%  0.1=0%  0.25=0%  0.5=0% | best=0.0 (0%, n=0)
[2026-06-15 22:32:05] helmsman  HELMSMAN_HORIZON_MULT [2P vs comet_reaper] 1.0=0%  1.15=0%  1.3=0%  1.5=0% | best=1.0 (0%, n=0)
[2026-06-15 22:32:08] kingmaker KINGMAKER_LEADER_WEIGHT [focal-4P vs 3x comet_reaper] 0.0=0%  0.1=0%  0.25=0%  0.5=0% | best=0.0 (0%, n=0)
[2026-06-15 22:32:10] oracle    ORACLE_BIAS [2P vs comet_reaper] 0.0=0%  2.0=0%  5.0=0%  10.0=0% | best=0.0 (0%, n=0)
[2026-06-15 22:32:12] precog    PRECOG_OPP_STRENGTH [2P vs comet_reaper] 0.0=0%  0.1=0%  0.25=0%  0.5=0% | best=0.0 (0%, n=0)
[2026-06-15 22:32:14] maestro   MAESTRO_GAIN [2P vs comet_reaper] 0.0=0%  0.1=0%  0.25=0%  0.5=0% | best=0.0 (0%, n=0)
[2026-06-15 22:32:16] helmsman  HELMSMAN_HORIZON_MULT [2P vs comet_reaper] 1.0=0%  1.15=0%  1.3=0%  1.5=0% | best=1.0 (0%, n=0)
[2026-06-15 22:32:18] kingmaker KINGMAKER_LEADER_WEIGHT [focal-4P vs 3x comet_reaper] 0.0=0%  0.1=0%  0.25=0%  0.5=0% | best=0.0 (0%, n=0)
[2026-06-15 22:32:20] oracle    ORACLE_BIAS [2P vs comet_reaper] 0.0=0%  2.0=0%  5.0=0%  10.0=0% | best=0.0 (0%, n=0)
[2026-06-15 22:32:22] precog    PRECOG_OPP_STRENGTH [2P vs comet_reaper] 0.0=0%  0.1=0%  0.25=0%  0.5=0% | best=0.0 (0%, n=0)
[2026-06-15 22:32:24] maestro   MAESTRO_GAIN [2P vs comet_reaper] 0.0=0%  0.1=0%  0.25=0%  0.5=0% | best=0.0 (0%, n=0)
[2026-06-15 22:32:26] helmsman  HELMSMAN_HORIZON_MULT [2P vs comet_reaper] 1.0=0%  1.15=0%  1.3=0%  1.5=0% | best=1.0 (0%, n=0)
[2026-06-15 22:32:28] kingmaker KINGMAKER_LEADER_WEIGHT [focal-4P vs 3x comet_reaper] 0.0=0%  0.1=0%  0.25=0%  0.5=0% | best=0.0 (0%, n=0)
[2026-06-15 22:32:30] oracle    ORACLE_BIAS [2P vs comet_reaper] 0.0=0%  2.0=0%  5.0=0%  10.0=0% | best=0.0 (0%, n=0)
[2026-06-15 22:32:32] precog    PRECOG_OPP_STRENGTH [2P vs comet_reaper] 0.0=0%  0.1=0%  0.25=0%  0.5=0% | best=0.0 (0%, n=0)
[2026-06-15 22:32:34] maestro   MAESTRO_GAIN [2P vs comet_reaper] 0.0=0%  0.1=0%  0.25=0%  0.5=0% | best=0.0 (0%, n=0)
[2026-06-15 22:32:36] helmsman  HELMSMAN_HORIZON_MULT [2P vs comet_reaper] 1.0=0%  1.15=0%  1.3=0%  1.5=0% | best=1.0 (0%, n=0)
[2026-06-15 22:32:38] kingmaker KINGMAKER_LEADER_WEIGHT [focal-4P vs 3x comet_reaper] 0.0=0%  0.1=0%  0.25=0%  0.5=0% | best=0.0 (0%, n=0)
[2026-06-15 22:32:40] oracle    ORACLE_BIAS [2P vs comet_reaper] 0.0=0%  2.0=0%  5.0=0%  10.0=0% | best=0.0 (0%, n=0)
[2026-06-15 22:32:42] precog    PRECOG_OPP_STRENGTH [2P vs comet_reaper] 0.0=0%  0.1=0%  0.25=0%  0.5=0% | best=0.0 (0%, n=0)
[2026-06-15 22:32:44] maestro   MAESTRO_GAIN [2P vs comet_reaper] 0.0=0%  0.1=0%  0.25=0%  0.5=0% | best=0.0 (0%, n=0)
[2026-06-15 22:32:46] helmsman  HELMSMAN_HORIZON_MULT [2P vs comet_reaper] 1.0=0%  1.15=0%  1.3=0%  1.5=0% | best=1.0 (0%, n=0)
[2026-06-15 22:32:49] kingmaker KINGMAKER_LEADER_WEIGHT [focal-4P vs 3x comet_reaper] 0.0=0%  0.1=0%  0.25=0%  0.5=0% | best=0.0 (0%, n=0)
[2026-06-15 22:32:51] oracle    ORACLE_BIAS [2P vs comet_reaper] 0.0=0%  2.0=0%  5.0=0%  10.0=0% | best=0.0 (0%, n=0)
[2026-06-15 22:32:53] precog    PRECOG_OPP_STRENGTH [2P vs comet_reaper] 0.0=0%  0.1=0%  0.25=0%  0.5=0% | best=0.0 (0%, n=0)
[2026-06-15 22:32:55] maestro   MAESTRO_GAIN [2P vs comet_reaper] 0.0=0%  0.1=0%  0.25=0%  0.5=0% | best=0.0 (0%, n=0)
[2026-06-15 22:32:57] helmsman  HELMSMAN_HORIZON_MULT [2P vs comet_reaper] 1.0=0%  1.15=0%  1.3=0%  1.5=0% | best=1.0 (0%, n=0)
[2026-06-15 22:32:59] kingmaker KINGMAKER_LEADER_WEIGHT [focal-4P vs 3x comet_reaper] 0.0=0%  0.1=0%  0.25=0%  0.5=0% | best=0.0 (0%, n=0)
[2026-06-15 22:33:01] oracle    ORACLE_BIAS [2P vs comet_reaper] 0.0=0%  2.0=0%  5.0=0%  10.0=0% | best=0.0 (0%, n=0)
[2026-06-15 22:33:03] precog    PRECOG_OPP_STRENGTH [2P vs comet_reaper] 0.0=0%  0.1=0%  0.25=0%  0.5=0% | best=0.0 (0%, n=0)
[2026-06-15 22:33:05] maestro   MAESTRO_GAIN [2P vs comet_reaper] 0.0=0%  0.1=0%  0.25=0%  0.5=0% | best=0.0 (0%, n=0)
[2026-06-15 22:33:07] helmsman  HELMSMAN_HORIZON_MULT [2P vs comet_reaper] 1.0=0%  1.15=0%  1.3=0%  1.5=0% | best=1.0 (0%, n=0)
[2026-06-15 22:33:09] kingmaker KINGMAKER_LEADER_WEIGHT [focal-4P vs 3x comet_reaper] 0.0=0%  0.1=0%  0.25=0%  0.5=0% | best=0.0 (0%, n=0)
[2026-06-15 22:33:11] oracle    ORACLE_BIAS [2P vs comet_reaper] 0.0=0%  2.0=0%  5.0=0%  10.0=0% | best=0.0 (0%, n=0)
[2026-06-15 22:33:13] precog    PRECOG_OPP_STRENGTH [2P vs comet_reaper] 0.0=0%  0.1=0%  0.25=0%  0.5=0% | best=0.0 (0%, n=0)
[2026-06-15 22:33:15] maestro   MAESTRO_GAIN [2P vs comet_reaper] 0.0=0%  0.1=0%  0.25=0%  0.5=0% | best=0.0 (0%, n=0)
[2026-06-15 22:33:17] helmsman  HELMSMAN_HORIZON_MULT [2P vs comet_reaper] 1.0=0%  1.15=0%  1.3=0%  1.5=0% | best=1.0 (0%, n=0)
[2026-06-15 22:33:19] kingmaker KINGMAKER_LEADER_WEIGHT [focal-4P vs 3x comet_reaper] 0.0=0%  0.1=0%  0.25=0%  0.5=0% | best=0.0 (0%, n=0)
[2026-06-15 22:33:21] oracle    ORACLE_BIAS [2P vs comet_reaper] 0.0=0%  2.0=0%  5.0=0%  10.0=0% | best=0.0 (0%, n=0)
[2026-06-15 22:33:23] precog    PRECOG_OPP_STRENGTH [2P vs comet_reaper] 0.0=0%  0.1=0%  0.25=0%  0.5=0% | best=0.0 (0%, n=0)
[2026-06-15 22:33:25] maestro   MAESTRO_GAIN [2P vs comet_reaper] 0.0=0%  0.1=0%  0.25=0%  0.5=0% | best=0.0 (0%, n=0)
[2026-06-15 22:33:27] helmsman  HELMSMAN_HORIZON_MULT [2P vs comet_reaper] 1.0=0%  1.15=0%  1.3=0%  1.5=0% | best=1.0 (0%, n=0)
[2026-06-15 22:33:29] kingmaker KINGMAKER_LEADER_WEIGHT [focal-4P vs 3x comet_reaper] 0.0=0%  0.1=0%  0.25=0%  0.5=0% | best=0.0 (0%, n=0)
[2026-06-15 22:33:32] oracle    ORACLE_BIAS [2P vs comet_reaper] 0.0=0%  2.0=0%  5.0=0%  10.0=0% | best=0.0 (0%, n=0)
[2026-06-15 22:33:34] precog    PRECOG_OPP_STRENGTH [2P vs comet_reaper] 0.0=0%  0.1=0%  0.25=0%  0.5=0% | best=0.0 (0%, n=0)
[2026-06-15 22:33:36] maestro   MAESTRO_GAIN [2P vs comet_reaper] 0.0=0%  0.1=0%  0.25=0%  0.5=0% | best=0.0 (0%, n=0)
[2026-06-15 22:33:38] helmsman  HELMSMAN_HORIZON_MULT [2P vs comet_reaper] 1.0=0%  1.15=0%  1.3=0%  1.5=0% | best=1.0 (0%, n=0)
[2026-06-15 22:33:40] kingmaker KINGMAKER_LEADER_WEIGHT [focal-4P vs 3x comet_reaper] 0.0=0%  0.1=0%  0.25=0%  0.5=0% | best=0.0 (0%, n=0)
[2026-06-15 22:33:42] oracle    ORACLE_BIAS [2P vs comet_reaper] 0.0=0%  2.0=0%  5.0=0%  10.0=0% | best=0.0 (0%, n=0)
[2026-06-15 22:33:44] precog    PRECOG_OPP_STRENGTH [2P vs comet_reaper] 0.0=0%  0.1=0%  0.25=0%  0.5=0% | best=0.0 (0%, n=0)
[2026-06-15 22:33:46] maestro   MAESTRO_GAIN [2P vs comet_reaper] 0.0=0%  0.1=0%  0.25=0%  0.5=0% | best=0.0 (0%, n=0)
[2026-06-15 22:33:48] helmsman  HELMSMAN_HORIZON_MULT [2P vs comet_reaper] 1.0=0%  1.15=0%  1.3=0%  1.5=0% | best=1.0 (0%, n=0)
[2026-06-15 22:33:50] kingmaker KINGMAKER_LEADER_WEIGHT [focal-4P vs 3x comet_reaper] 0.0=0%  0.1=0%  0.25=0%  0.5=0% | best=0.0 (0%, n=0)
[2026-06-15 22:33:52] oracle    ORACLE_BIAS [2P vs comet_reaper] 0.0=0%  2.0=0%  5.0=0%  10.0=0% | best=0.0 (0%, n=0)
[2026-06-15 22:33:54] precog    PRECOG_OPP_STRENGTH [2P vs comet_reaper] 0.0=0%  0.1=0%  0.25=0%  0.5=0% | best=0.0 (0%, n=0)
[2026-06-15 22:33:56] maestro   MAESTRO_GAIN [2P vs comet_reaper] 0.0=0%  0.1=0%  0.25=0%  0.5=0% | best=0.0 (0%, n=0)
[2026-06-15 22:33:58] helmsman  HELMSMAN_HORIZON_MULT [2P vs comet_reaper] 1.0=0%  1.15=0%  1.3=0%  1.5=0% | best=1.0 (0%, n=0)
[2026-06-15 22:34:00] kingmaker KINGMAKER_LEADER_WEIGHT [focal-4P vs 3x comet_reaper] 0.0=0%  0.1=0%  0.25=0%  0.5=0% | best=0.0 (0%, n=0)
[2026-06-15 22:34:02] oracle    ORACLE_BIAS [2P vs comet_reaper] 0.0=0%  2.0=0%  5.0=0%  10.0=0% | best=0.0 (0%, n=0)
[2026-06-15 22:34:04] precog    PRECOG_OPP_STRENGTH [2P vs comet_reaper] 0.0=0%  0.1=0%  0.25=0%  0.5=0% | best=0.0 (0%, n=0)
[2026-06-15 22:34:06] maestro   MAESTRO_GAIN [2P vs comet_reaper] 0.0=0%  0.1=0%  0.25=0%  0.5=0% | best=0.0 (0%, n=0)
[2026-06-15 22:34:08] helmsman  HELMSMAN_HORIZON_MULT [2P vs comet_reaper] 1.0=0%  1.15=0%  1.3=0%  1.5=0% | best=1.0 (0%, n=0)
[2026-06-15 22:34:10] kingmaker KINGMAKER_LEADER_WEIGHT [focal-4P vs 3x comet_reaper] 0.0=0%  0.1=0%  0.25=0%  0.5=0% | best=0.0 (0%, n=0)
[2026-06-15 22:34:12] oracle    ORACLE_BIAS [2P vs comet_reaper] 0.0=0%  2.0=0%  5.0=0%  10.0=0% | best=0.0 (0%, n=0)
[2026-06-15 22:34:15] precog    PRECOG_OPP_STRENGTH [2P vs comet_reaper] 0.0=0%  0.1=0%  0.25=0%  0.5=0% | best=0.0 (0%, n=0)
[2026-06-15 22:34:17] maestro   MAESTRO_GAIN [2P vs comet_reaper] 0.0=0%  0.1=0%  0.25=0%  0.5=0% | best=0.0 (0%, n=0)
[2026-06-15 22:34:19] helmsman  HELMSMAN_HORIZON_MULT [2P vs comet_reaper] 1.0=0%  1.15=0%  1.3=0%  1.5=0% | best=1.0 (0%, n=0)
[2026-06-15 22:34:21] kingmaker KINGMAKER_LEADER_WEIGHT [focal-4P vs 3x comet_reaper] 0.0=0%  0.1=0%  0.25=0%  0.5=0% | best=0.0 (0%, n=0)
[2026-06-15 22:34:23] oracle    ORACLE_BIAS [2P vs comet_reaper] 0.0=0%  2.0=0%  5.0=0%  10.0=0% | best=0.0 (0%, n=0)
[2026-06-15 22:34:25] precog    PRECOG_OPP_STRENGTH [2P vs comet_reaper] 0.0=0%  0.1=0%  0.25=0%  0.5=0% | best=0.0 (0%, n=0)
[2026-06-15 22:34:27] maestro   MAESTRO_GAIN [2P vs comet_reaper] 0.0=0%  0.1=0%  0.25=0%  0.5=0% | best=0.0 (0%, n=0)
[2026-06-15 22:34:29] helmsman  HELMSMAN_HORIZON_MULT [2P vs comet_reaper] 1.0=0%  1.15=0%  1.3=0%  1.5=0% | best=1.0 (0%, n=0)
[2026-06-15 22:34:31] kingmaker KINGMAKER_LEADER_WEIGHT [focal-4P vs 3x comet_reaper] 0.0=0%  0.1=0%  0.25=0%  0.5=0% | best=0.0 (0%, n=0)
